New log file opened at Tue Dec 20 11:14:21 GMT 2016 by 6917@tjmac192
Sending msg to client activator-fa714db4-30fa-43c3-878e-6988240ed4d4: DetachedLogEvent(LogMessage(debug,sbt server socket logs are in: /Users/farrellyja/Workspace/studio-tag/.sbtserver/connections/master.log))
Sending msg to client activator-fa714db4-30fa-43c3-878e-6988240ed4d4: DetachedLogEvent(LogMessage(debug,sbt client logs are in: /Users/farrellyja/Workspace/studio-tag/.sbtserver/connections/activator-fa714db4-30fa-43c3-878e-6988240ed4d4.log))
Sending msg to client activator-fa714db4-30fa-43c3-878e-6988240ed4d4: DetachedLogEvent(LogMessage(debug,sbt general server logs are in: /Users/farrellyja/Workspace/studio-tag/.sbtserver/master.log))
Dropping message DetachedLogEvent(LogMessage(debug,sbt general server logs are in: /Users/farrellyja/Workspace/studio-tag/.sbtserver/master.log)) because client activator-fa714db4-30fa-43c3-878e-6988240ed4d4 of an exception serializing and sending: java.net.SocketException: Broken pipe
Dropping message DetachedLogEvent(LogMessage(debug,sbt client logs are in: /Users/farrellyja/Workspace/studio-tag/.sbtserver/connections/activator-fa714db4-30fa-43c3-878e-6988240ed4d4.log)) because client activator-fa714db4-30fa-43c3-878e-6988240ed4d4 of an exception serializing and sending: java.net.SocketException: Broken pipe
stack trace sending message was 
java.net.SocketException: Broken pipe
	at java.net.SocketOutputStream.socketWrite0(Native Method)
	at java.net.SocketOutputStream.socketWrite(SocketOutputStream.java:109)
	at java.net.SocketOutputStream.write(SocketOutputStream.java:153)
	at java.io.BufferedOutputStream.flushBuffer(BufferedOutputStream.java:82)
	at java.io.BufferedOutputStream.flush(BufferedOutputStream.java:140)
	at java.io.DataOutputStream.flush(DataOutputStream.java:123)
	at sbt.impl.ipc.Peer.send(IPC.scala:79)
	at sbt.impl.ipc.Peer.send(IPC.scala:83)
	at sbt.impl.ipc.Peer.sendString(IPC.scala:106)
	at sbt.impl.ipc.Peer.sendJson(IPC.scala:119)
	at sbt.server.SbtClientHandler$$anonfun$send$1.apply$mcV$sp(SbtClientHandler.scala:128)
	at sbt.server.SbtClientHandler.wrappedSend(SbtClientHandler.scala:113)
	at sbt.server.SbtClientHandler.send(SbtClientHandler.scala:128)
	at sbt.server.SbtClientHandler$clientThread$.run(SbtClientHandler.scala:42)
stack trace sending message was 
java.net.SocketException: Broken pipe
	at java.net.SocketOutputStream.socketWrite0(Native Method)
	at java.net.SocketOutputStream.socketWrite(SocketOutputStream.java:109)
	at java.net.SocketOutputStream.write(SocketOutputStream.java:153)
	at java.io.BufferedOutputStream.flushBuffer(BufferedOutputStream.java:82)
	at java.io.BufferedOutputStream.flush(BufferedOutputStream.java:140)
	at java.io.DataOutputStream.flush(DataOutputStream.java:123)
	at sbt.impl.ipc.Peer.send(IPC.scala:79)
	at sbt.impl.ipc.Peer.send(IPC.scala:83)
	at sbt.impl.ipc.Peer.sendString(IPC.scala:106)
	at sbt.impl.ipc.Peer.sendJson(IPC.scala:119)
	at sbt.server.SbtClientHandler$$anonfun$send$1.apply$mcV$sp(SbtClientHandler.scala:128)
	at sbt.server.SbtClientHandler.wrappedSend(SbtClientHandler.scala:113)
	at sbt.server.SbtClientHandler.send(SbtClientHandler.scala:128)
	at sbt.server.SbtServerSocketHandler$$anon$1.run(SbtServerSocketHandler.scala:94)
Reading next message from client.
Client activator-fa714db4-30fa-43c3-878e-6988240ed4d4 closed, java.net.SocketException: socket is closed, shutting down
Client activator-fa714db4-30fa-43c3-878e-6988240ed4d4 thread exiting.
Dropping message (0,ReceivedResponse()) to dead client activator-fa714db4-30fa-43c3-878e-6988240ed4d4
