New log file opened at Tue Dec 20 11:14:00 GMT 2016 by 6917@tjmac192
Taking next connection to: 57498
New client attempting to connect on port: 57499-57498
  Address = /192.168.25.8:57498
This client on port 57499 has uuid a3666800-836a-4eec-8ff1-530832270f2b configName play-fork-run humanReadableName Play Fork Run protocolVersion 1 featureTags Vector()
Connected Clients: play-fork-run-a3666800-836a-4eec-8ff1-530832270f2b
Taking next connection to: 57498
New client attempting to connect on port: 57502-57498
  Address = /192.168.25.8:57498
Handshake exception on socket: 57502
sbt.impl.ipc.HandshakeException: Unable to perform handshake
	at sbt.impl.ipc.Peer.handshake(IPC.scala:46)
	at sbt.impl.ipc.MultiClientServer.<init>(IPC.scala:150)
	at sbt.server.SbtServerSocketHandler$$anon$1.run(SbtServerSocketHandler.scala:43)
Caused by: java.io.EOFException
	at java.io.DataInputStream.readInt(DataInputStream.java:392)
	at sbt.impl.ipc.Peer.receive(IPC.scala:95)
	at sbt.impl.ipc.Peer.handshake(IPC.scala:49)
	... 2 more
Taking next connection to: 57498
New client attempting to connect on port: 57503-57498
  Address = /192.168.25.8:57498
This client on port 57503 has uuid dc83f5f5-cc21-4379-a244-0ebdcbbda2c7 configName activator humanReadableName Activator protocolVersion unknown featureTags Vector()
Connected Clients: play-fork-run-a3666800-836a-4eec-8ff1-530832270f2b, activator-dc83f5f5-cc21-4379-a244-0ebdcbbda2c7
Taking next connection to: 57498
New client attempting to connect on port: 57511-57498
  Address = /192.168.25.8:57498
Handshake exception on socket: 57511
sbt.impl.ipc.HandshakeException: Unable to perform handshake
	at sbt.impl.ipc.Peer.handshake(IPC.scala:46)
	at sbt.impl.ipc.MultiClientServer.<init>(IPC.scala:150)
	at sbt.server.SbtServerSocketHandler$$anon$1.run(SbtServerSocketHandler.scala:43)
Caused by: java.io.EOFException
	at java.io.DataInputStream.readInt(DataInputStream.java:392)
	at sbt.impl.ipc.Peer.receive(IPC.scala:95)
	at sbt.impl.ipc.Peer.handshake(IPC.scala:49)
	... 2 more
Taking next connection to: 57498
New client attempting to connect on port: 57512-57498
  Address = /192.168.25.8:57498
This client on port 57512 has uuid 08891075-8ec5-47df-be96-e5836074e0bd configName activator humanReadableName Activator protocolVersion unknown featureTags Vector()
Connected Clients: play-fork-run-a3666800-836a-4eec-8ff1-530832270f2b, activator-08891075-8ec5-47df-be96-e5836074e0bd
Taking next connection to: 57498
New client attempting to connect on port: 57516-57498
  Address = /192.168.25.8:57498
Handshake exception on socket: 57516
sbt.impl.ipc.HandshakeException: Unable to perform handshake
	at sbt.impl.ipc.Peer.handshake(IPC.scala:46)
	at sbt.impl.ipc.MultiClientServer.<init>(IPC.scala:150)
	at sbt.server.SbtServerSocketHandler$$anon$1.run(SbtServerSocketHandler.scala:43)
Caused by: java.io.EOFException
	at java.io.DataInputStream.readInt(DataInputStream.java:392)
	at sbt.impl.ipc.Peer.receive(IPC.scala:95)
	at sbt.impl.ipc.Peer.handshake(IPC.scala:49)
	... 2 more
Taking next connection to: 57498
New client attempting to connect on port: 57518-57498
  Address = /192.168.25.8:57498
This client on port 57518 has uuid fa714db4-30fa-43c3-878e-6988240ed4d4 configName activator humanReadableName Activator protocolVersion unknown featureTags Vector()
Connected Clients: play-fork-run-a3666800-836a-4eec-8ff1-530832270f2b, activator-08891075-8ec5-47df-be96-e5836074e0bd, activator-fa714db4-30fa-43c3-878e-6988240ed4d4
Taking next connection to: 57498
Checking to see if clients are empty...
We have 2 non-daemon clients, continuing serving connections.
Taking next connection to: 57498
