New log file opened at Tue Dec 20 11:13:24 GMT 2016 by 6813@tjmac192
jvm 6813@tjmac192
jvm vmName=Java HotSpot(TM) 64-Bit Server VM vmVendor=Oracle Corporation vmVersion=25.101-b13
jvm specName=Java Virtual Machine Specification specVendor=Oracle Corporation specVersion=1.8
jvm arguments: [-Xms256m, -Xmx1024m, -XX:MetaspaceSize=64m, -XX:MaxMetaspaceSize=256m]
Starting event engine
Starting sbt command engine
Waiting for sbt command engine
Command engine arguments=List()
Command engine baseDirectory=/Users/farrellyja/Workspace/studio-tag
Command engine initial remaining commands List(--initialize, onFailure load-failed, boot, server-send-ready-for-request, server-handle-next-server-request)
> --initialize
> initialize
> onFailure load-failed
> boot
> reload
[Loading] Scanning directory /Users/farrellyja/Workspace/studio-tag/project
[Loading] Found non-root projects 
[Loading] Done in /Users/farrellyja/Workspace/studio-tag/project, returning: ()
deducing auto plugins based on known facts Set(Atom(sbt.plugins.CorePlugin)) and clauses Clauses(List(Clause(Atom(sbt.plugins.JvmPlugin),Set(Atom(sbt.plugins.IvyPlugin))), Clause(Atom(sbt.plugins.JUnitXmlReportPlugin),Set(Atom(sbt.plugins.JvmPlugin))), Clause(Atom(sbt.plugins.CorePlugin),Set(Atom(sbt.plugins.IvyPlugin))), Clause(Atom(sbt.plugins.IvyPlugin),Set(Atom(sbt.plugins.JvmPlugin))), Clause(Atom(sbt.plugins.JvmPlugin),Set(Atom(sbt.plugins.JUnitXmlReportPlugin)))))
  :: deduced result: Matched(sbt.plugins.CorePlugin,sbt.plugins.IvyPlugin,sbt.plugins.JvmPlugin,sbt.plugins.JUnitXmlReportPlugin)
sorting: ns: List(sbt.plugins.CorePlugin, sbt.plugins.IvyPlugin, sbt.plugins.JvmPlugin, sbt.plugins.JUnitXmlReportPlugin)
  :: sorting:: found: List(sbt.plugins.CorePlugin) not found List(sbt.plugins.IvyPlugin, sbt.plugins.JvmPlugin, sbt.plugins.JUnitXmlReportPlugin)
  :: sorting:: found: List(sbt.plugins.CorePlugin, sbt.plugins.IvyPlugin) not found List(sbt.plugins.JvmPlugin, sbt.plugins.JUnitXmlReportPlugin)
  :: sorting:: found: List(sbt.plugins.CorePlugin, sbt.plugins.IvyPlugin, sbt.plugins.JvmPlugin) not found List(sbt.plugins.JUnitXmlReportPlugin)
  :: sorting:: found: List(sbt.plugins.CorePlugin, sbt.plugins.IvyPlugin, sbt.plugins.JvmPlugin, sbt.plugins.JUnitXmlReportPlugin) not found List()
  :: sorted deduced result: List(sbt.plugins.CorePlugin, sbt.plugins.IvyPlugin, sbt.plugins.JvmPlugin, sbt.plugins.JUnitXmlReportPlugin)
[Loading] Done in /Users/farrellyja/Workspace/studio-tag/project, returning: (studio-tag-build)
Loading project definition from /Users/farrellyja/Workspace/studio-tag/project
Running task... Cancel: sbt.TaskCancellationStrategy$Null$@52b4f1af, check cycles: false

Initial source changes: 
	removed:Set()
	added: Set()
	modified: Set()
Removed products: Set()
External API changes: API Changes: Set()
Modified binary dependencies: Set()
Initial directly invalidated sources: Set()

Sources indirectly invalidated by:
	product: Set()
	binary dep: Set()
	external source: Set()
All initially invalidated sources: Set()

Copy resource mappings: 
	
[Loading] Scanning directory /Users/farrellyja/Workspace/studio-tag
[Loading] Found root project root w/ remaining 
deducing auto plugins based on known facts Set(Atom(play.sbt.PlayScala), Atom(sbt.plugins.CorePlugin)) and clauses Clauses(List(Clause(Atom(sbt.plugins.JvmPlugin),Set(Atom(sbt.plugins.IvyPlugin))), Clause(Atom(sbt.plugins.JUnitXmlReportPlugin),Set(Atom(sbt.plugins.JvmPlugin))), Clause(Atom(play.sbt.forkrun.PlayForkRun),Set(Atom(sbt.plugins.BackgroundRunPlugin))), Clause(Atom(play.sbt.forkrun.PlayForkRun),Set(Atom(play.sbt.Play))), Clause(Atom(play.sbt.forkrun.PlayForkRun),Set(Atom(sbt.plugins.SerializersPlugin))), Clause(Atom(play.sbt.Play),Set(Atom(com.typesafe.sbt.packager.archetypes.JavaServerAppPackaging))), Clause(Atom(play.sbt.Play),Set(Atom(play.sbt.routes.RoutesCompiler))), Clause(Atom(play.sbt.Play),Set(Atom(play.twirl.sbt.SbtTwirl))), Clause(Atom(play.sbt.Play),Set(Atom(com.typesafe.sbt.jse.SbtJsTask))), Clause(Atom(play.sbt.PlayAkkaHttpServer),Set(Atom(play.sbt.Play))), Clause(Atom(play.sbt.PlayJava),Set(Atom(play.sbt.Play))), Clause(Atom(play.sbt.PlayLayoutPlugin),Set(Atom(play.sbt.Play))), Clause(Atom(play.sbt.PlayLogback),Set(Atom(play.sbt.Play))), Clause(Atom(play.sbt.PlayNettyServer),Set(Atom(play.sbt.Play))), Clause(Atom(play.sbt.PlayScala),Set(Atom(play.sbt.Play))), Clause(Atom(play.sbt.routes.RoutesCompiler),Set(Atom(sbt.plugins.JvmPlugin))), Clause(Atom(play.twirl.sbt.SbtTwirl),Set(Atom(sbt.plugins.JvmPlugin))), Clause(Atom(com.typesafe.sbt.packager.archetypes.AkkaAppPackaging),Set(Atom(com.typesafe.sbt.packager.archetypes.JavaAppPackaging))), Clause(Atom(com.typesafe.sbt.packager.archetypes.JavaAppPackaging),Set(Atom(com.typesafe.sbt.packager.windows.WindowsPlugin))), Clause(Atom(com.typesafe.sbt.packager.archetypes.JavaAppPackaging),Set(Atom(com.typesafe.sbt.packager.docker.DockerPlugin))), Clause(Atom(com.typesafe.sbt.packager.archetypes.JavaAppPackaging),Set(Atom(com.typesafe.sbt.packager.debian.DebianPlugin))), Clause(Atom(com.typesafe.sbt.packager.archetypes.JavaAppPackaging),Set(Atom(com.typesafe.sbt.packager.rpm.RpmPlugin))), Clause(Atom(com.typesafe.sbt.packager.archetypes.JavaServerAppPackaging),Set(Atom(com.typesafe.sbt.packager.archetypes.JavaAppPackaging))), Clause(Atom(com.typesafe.sbt.packager.archetypes.jar.ClasspathJarPlugin),Set(Atom(com.typesafe.sbt.packager.archetypes.JavaAppPackaging))), Clause(Atom(com.typesafe.sbt.packager.archetypes.jar.LauncherJarPlugin),Set(Atom(com.typesafe.sbt.packager.archetypes.JavaAppPackaging))), Clause(Atom(com.typesafe.sbt.packager.debian.DebianDeployPlugin),Set(Atom(com.typesafe.sbt.packager.debian.DebianPlugin))), Clause(Atom(com.typesafe.sbt.packager.debian.DebianPlugin),Set(Atom(com.typesafe.sbt.packager.linux.LinuxPlugin))), Clause(Atom(com.typesafe.sbt.packager.debian.JDebPackaging),Set(Atom(com.typesafe.sbt.packager.debian.DebianPlugin))), Clause(Atom(com.typesafe.sbt.packager.docker.DockerPlugin),Set(Atom(com.typesafe.sbt.packager.universal.UniversalPlugin))), Clause(Atom(com.typesafe.sbt.packager.jdkpackager.JDKPackagerDeployPlugin),Set(Atom(com.typesafe.sbt.packager.jdkpackager.JDKPackagerPlugin))), Clause(Atom(com.typesafe.sbt.packager.jdkpackager.JDKPackagerPlugin),Set(Atom(com.typesafe.sbt.packager.archetypes.JavaAppPackaging))), Clause(Atom(com.typesafe.sbt.packager.jdkpackager.JDKPackagerPlugin),Set(Atom(com.typesafe.sbt.packager.archetypes.jar.LauncherJarPlugin))), Clause(Atom(com.typesafe.sbt.packager.linux.LinuxPlugin),Set(Atom(com.typesafe.sbt.packager.universal.UniversalPlugin))), Clause(Atom(com.typesafe.sbt.packager.rpm.RpmDeployPlugin),Set(Atom(com.typesafe.sbt.packager.rpm.RpmPlugin))), Clause(Atom(com.typesafe.sbt.packager.rpm.RpmPlugin),Set(Atom(com.typesafe.sbt.packager.linux.LinuxPlugin))), Clause(Atom(com.typesafe.sbt.packager.universal.UniversalDeployPlugin),Set(Atom(com.typesafe.sbt.packager.universal.UniversalPlugin))), Clause(Atom(com.typesafe.sbt.packager.universal.UniversalPlugin),Set(Atom(com.typesafe.sbt.SbtNativePackager))), Clause(Atom(com.typesafe.sbt.packager.windows.WindowsDeployPlugin),Set(Atom(com.typesafe.sbt.packager.windows.WindowsPlugin))), Clause(Atom(com.typesafe.sbt.packager.windows.WindowsPlugin),Set(Atom(com.typesafe.sbt.packager.universal.UniversalPlugin))), Clause(Atom(com.typesafe.sbt.web.SbtWeb),Set(Atom(sbt.plugins.JvmPlugin))), Clause(Atom(sbt.plugins.BackgroundRunPlugin),Set(Atom(sbt.plugins.JvmPlugin))), Clause(Atom(com.typesafe.sbt.coffeescript.SbtCoffeeScript),Set(Atom(com.typesafe.sbt.jse.SbtJsTask))), Clause(Atom(com.typesafe.sbt.less.SbtLess),Set(Atom(com.typesafe.sbt.jse.SbtJsTask))), Clause(Atom(com.typesafe.sbt.jshint.SbtJSHint),Set(Atom(com.typesafe.sbt.jse.SbtJsTask))), Clause(Atom(com.typesafe.sbt.rjs.SbtRjs),Set(Atom(com.typesafe.sbt.jse.SbtJsTask))), Clause(Atom(com.typesafe.sbt.jse.SbtJsEngine),Set(Atom(com.typesafe.sbt.web.SbtWeb))), Clause(Atom(com.typesafe.sbt.jse.SbtJsTask),Set(Atom(com.typesafe.sbt.jse.SbtJsEngine))), Clause(Atom(com.typesafe.sbt.digest.SbtDigest),Set(Atom(com.typesafe.sbt.web.SbtWeb))), Clause(Atom(com.typesafe.sbt.mocha.SbtMocha),Set(Atom(com.typesafe.sbt.jse.SbtJsTask))), Clause(Atom(org.irundaia.sbt.sass.SbtSassify),Set(Atom(com.typesafe.sbt.web.SbtWeb))), Clause(Atom(sbt.plugins.CorePlugin),Set(Atom(sbt.plugins.IvyPlugin))), Clause(Atom(sbt.plugins.IvyPlugin),Set(Atom(sbt.plugins.JvmPlugin))), Clause(Atom(sbt.plugins.JvmPlugin),Set(Atom(sbt.plugins.JUnitXmlReportPlugin))), Clause(And(Set(Atom(sbt.plugins.BackgroundRunPlugin), Atom(play.sbt.Play), Atom(sbt.plugins.SerializersPlugin))),Set(Atom(play.sbt.forkrun.PlayForkRun))), Clause(Atom(play.sbt.Play),Set(Atom(play.sbt.PlayLayoutPlugin))), Clause(Atom(play.sbt.Play),Set(Atom(play.sbt.PlayLogback))), Clause(Atom(play.sbt.Play),Set(Atom(play.sbt.PlayNettyServer))), Clause(Atom(sbt.plugins.JvmPlugin),Set(Atom(sbt.plugins.BackgroundRunPlugin))), Clause(Atom(sbt.plugins.CorePlugin),Set(Atom(sbt.plugins.InteractionServicePlugin))), Clause(Atom(sbt.plugins.CorePlugin),Set(Atom(sbt.plugins.SendEventServicePlugin))), Clause(Atom(sbt.plugins.CorePlugin),Set(Atom(sbt.plugins.SerializersPlugin))), Clause(Atom(com.typesafe.sbt.jse.SbtJsTask),Set(Atom(com.typesafe.sbt.coffeescript.SbtCoffeeScript))), Clause(Atom(com.typesafe.sbt.jse.SbtJsTask),Set(Atom(com.typesafe.sbt.less.SbtLess))), Clause(Atom(com.typesafe.sbt.jse.SbtJsTask),Set(Atom(com.typesafe.sbt.jshint.SbtJSHint))), Clause(Atom(com.typesafe.sbt.jse.SbtJsTask),Set(Atom(com.typesafe.sbt.rjs.SbtRjs))), Clause(Atom(com.typesafe.sbt.web.SbtWeb),Set(Atom(com.typesafe.sbt.jse.SbtJsEngine))), Clause(Atom(com.typesafe.sbt.jse.SbtJsEngine),Set(Atom(com.typesafe.sbt.jse.SbtJsTask))), Clause(Atom(com.typesafe.sbt.web.SbtWeb),Set(Atom(com.typesafe.sbt.digest.SbtDigest))), Clause(Atom(com.typesafe.sbt.jse.SbtJsTask),Set(Atom(com.typesafe.sbt.mocha.SbtMocha))), Clause(Atom(com.typesafe.sbt.web.SbtWeb),Set(Atom(org.irundaia.sbt.sass.SbtSassify)))))
  :: deduced result: Matched(sbt.plugins.CorePlugin,play.sbt.PlayScala,sbt.plugins.InteractionServicePlugin,sbt.plugins.SendEventServicePlugin,play.sbt.Play,sbt.plugins.SerializersPlugin,sbt.plugins.IvyPlugin,com.typesafe.sbt.packager.archetypes.JavaServerAppPackaging,play.twirl.sbt.SbtTwirl,sbt.plugins.JvmPlugin,play.sbt.PlayNettyServer,play.sbt.PlayLayoutPlugin,play.sbt.routes.RoutesCompiler,play.sbt.PlayLogback,com.typesafe.sbt.jse.SbtJsTask,com.typesafe.sbt.jshint.SbtJSHint,com.typesafe.sbt.packager.archetypes.JavaAppPackaging,sbt.plugins.JUnitXmlReportPlugin,com.typesafe.sbt.mocha.SbtMocha,com.typesafe.sbt.less.SbtLess,com.typesafe.sbt.rjs.SbtRjs,com.typesafe.sbt.jse.SbtJsEngine,com.typesafe.sbt.coffeescript.SbtCoffeeScript,sbt.plugins.BackgroundRunPlugin,com.typesafe.sbt.packager.rpm.RpmPlugin,com.typesafe.sbt.packager.windows.WindowsPlugin,com.typesafe.sbt.web.SbtWeb,com.typesafe.sbt.packager.docker.DockerPlugin,play.sbt.forkrun.PlayForkRun,com.typesafe.sbt.packager.debian.DebianPlugin,org.irundaia.sbt.sass.SbtSassify,com.typesafe.sbt.digest.SbtDigest,com.typesafe.sbt.packager.universal.UniversalPlugin,com.typesafe.sbt.packager.linux.LinuxPlugin,com.typesafe.sbt.SbtNativePackager)
sorting: ns: List(sbt.plugins.CorePlugin, play.sbt.PlayScala, sbt.plugins.InteractionServicePlugin, sbt.plugins.SendEventServicePlugin, play.sbt.Play, sbt.plugins.SerializersPlugin, sbt.plugins.IvyPlugin, com.typesafe.sbt.packager.archetypes.JavaServerAppPackaging, play.twirl.sbt.SbtTwirl, sbt.plugins.JvmPlugin, play.sbt.PlayNettyServer, play.sbt.PlayLayoutPlugin, play.sbt.routes.RoutesCompiler, play.sbt.PlayLogback, com.typesafe.sbt.jse.SbtJsTask, com.typesafe.sbt.jshint.SbtJSHint, com.typesafe.sbt.packager.archetypes.JavaAppPackaging, sbt.plugins.JUnitXmlReportPlugin, com.typesafe.sbt.mocha.SbtMocha, com.typesafe.sbt.less.SbtLess, com.typesafe.sbt.rjs.SbtRjs, com.typesafe.sbt.jse.SbtJsEngine, com.typesafe.sbt.coffeescript.SbtCoffeeScript, sbt.plugins.BackgroundRunPlugin, com.typesafe.sbt.packager.rpm.RpmPlugin, com.typesafe.sbt.packager.windows.WindowsPlugin, com.typesafe.sbt.web.SbtWeb, com.typesafe.sbt.packager.docker.DockerPlugin, play.sbt.forkrun.PlayForkRun, com.typesafe.sbt.packager.debian.DebianPlugin, org.irundaia.sbt.sass.SbtSassify, com.typesafe.sbt.digest.SbtDigest, com.typesafe.sbt.packager.universal.UniversalPlugin, com.typesafe.sbt.packager.linux.LinuxPlugin, com.typesafe.sbt.SbtNativePackager)
  :: sorting:: found: List(sbt.plugins.CorePlugin, com.typesafe.sbt.SbtNativePackager) not found List(play.sbt.PlayScala, sbt.plugins.InteractionServicePlugin, sbt.plugins.SendEventServicePlugin, play.sbt.Play, sbt.plugins.SerializersPlugin, sbt.plugins.IvyPlugin, com.typesafe.sbt.packager.archetypes.JavaServerAppPackaging, play.twirl.sbt.SbtTwirl, sbt.plugins.JvmPlugin, play.sbt.PlayNettyServer, play.sbt.PlayLayoutPlugin, play.sbt.routes.RoutesCompiler, play.sbt.PlayLogback, com.typesafe.sbt.jse.SbtJsTask, com.typesafe.sbt.jshint.SbtJSHint, com.typesafe.sbt.packager.archetypes.JavaAppPackaging, sbt.plugins.JUnitXmlReportPlugin, com.typesafe.sbt.mocha.SbtMocha, com.typesafe.sbt.less.SbtLess, com.typesafe.sbt.rjs.SbtRjs, com.typesafe.sbt.jse.SbtJsEngine, com.typesafe.sbt.coffeescript.SbtCoffeeScript, sbt.plugins.BackgroundRunPlugin, com.typesafe.sbt.packager.rpm.RpmPlugin, com.typesafe.sbt.packager.windows.WindowsPlugin, com.typesafe.sbt.web.SbtWeb, com.typesafe.sbt.packager.docker.DockerPlugin, play.sbt.forkrun.PlayForkRun, com.typesafe.sbt.packager.debian.DebianPlugin, org.irundaia.sbt.sass.SbtSassify, com.typesafe.sbt.digest.SbtDigest, com.typesafe.sbt.packager.universal.UniversalPlugin, com.typesafe.sbt.packager.linux.LinuxPlugin)
  :: sorting:: found: List(sbt.plugins.CorePlugin, com.typesafe.sbt.SbtNativePackager, sbt.plugins.InteractionServicePlugin, sbt.plugins.SendEventServicePlugin, sbt.plugins.SerializersPlugin, sbt.plugins.IvyPlugin, com.typesafe.sbt.packager.universal.UniversalPlugin) not found List(play.sbt.PlayScala, play.sbt.Play, com.typesafe.sbt.packager.archetypes.JavaServerAppPackaging, play.twirl.sbt.SbtTwirl, sbt.plugins.JvmPlugin, play.sbt.PlayNettyServer, play.sbt.PlayLayoutPlugin, play.sbt.routes.RoutesCompiler, play.sbt.PlayLogback, com.typesafe.sbt.jse.SbtJsTask, com.typesafe.sbt.jshint.SbtJSHint, com.typesafe.sbt.packager.archetypes.JavaAppPackaging, sbt.plugins.JUnitXmlReportPlugin, com.typesafe.sbt.mocha.SbtMocha, com.typesafe.sbt.less.SbtLess, com.typesafe.sbt.rjs.SbtRjs, com.typesafe.sbt.jse.SbtJsEngine, com.typesafe.sbt.coffeescript.SbtCoffeeScript, sbt.plugins.BackgroundRunPlugin, com.typesafe.sbt.packager.rpm.RpmPlugin, com.typesafe.sbt.packager.windows.WindowsPlugin, com.typesafe.sbt.web.SbtWeb, com.typesafe.sbt.packager.docker.DockerPlugin, play.sbt.forkrun.PlayForkRun, com.typesafe.sbt.packager.debian.DebianPlugin, org.irundaia.sbt.sass.SbtSassify, com.typesafe.sbt.digest.SbtDigest, com.typesafe.sbt.packager.linux.LinuxPlugin)
  :: sorting:: found: List(sbt.plugins.CorePlugin, com.typesafe.sbt.SbtNativePackager, sbt.plugins.InteractionServicePlugin, sbt.plugins.SendEventServicePlugin, sbt.plugins.SerializersPlugin, sbt.plugins.IvyPlugin, com.typesafe.sbt.packager.universal.UniversalPlugin, sbt.plugins.JvmPlugin, com.typesafe.sbt.packager.windows.WindowsPlugin, com.typesafe.sbt.packager.docker.DockerPlugin, com.typesafe.sbt.packager.linux.LinuxPlugin) not found List(play.sbt.PlayScala, play.sbt.Play, com.typesafe.sbt.packager.archetypes.JavaServerAppPackaging, play.twirl.sbt.SbtTwirl, play.sbt.PlayNettyServer, play.sbt.PlayLayoutPlugin, play.sbt.routes.RoutesCompiler, play.sbt.PlayLogback, com.typesafe.sbt.jse.SbtJsTask, com.typesafe.sbt.jshint.SbtJSHint, com.typesafe.sbt.packager.archetypes.JavaAppPackaging, sbt.plugins.JUnitXmlReportPlugin, com.typesafe.sbt.mocha.SbtMocha, com.typesafe.sbt.less.SbtLess, com.typesafe.sbt.rjs.SbtRjs, com.typesafe.sbt.jse.SbtJsEngine, com.typesafe.sbt.coffeescript.SbtCoffeeScript, sbt.plugins.BackgroundRunPlugin, com.typesafe.sbt.packager.rpm.RpmPlugin, com.typesafe.sbt.web.SbtWeb, play.sbt.forkrun.PlayForkRun, com.typesafe.sbt.packager.debian.DebianPlugin, org.irundaia.sbt.sass.SbtSassify, com.typesafe.sbt.digest.SbtDigest)
  :: sorting:: found: List(sbt.plugins.CorePlugin, com.typesafe.sbt.SbtNativePackager, sbt.plugins.InteractionServicePlugin, sbt.plugins.SendEventServicePlugin, sbt.plugins.SerializersPlugin, sbt.plugins.IvyPlugin, com.typesafe.sbt.packager.universal.UniversalPlugin, sbt.plugins.JvmPlugin, com.typesafe.sbt.packager.windows.WindowsPlugin, com.typesafe.sbt.packager.docker.DockerPlugin, com.typesafe.sbt.packager.linux.LinuxPlugin, play.twirl.sbt.SbtTwirl, play.sbt.routes.RoutesCompiler, sbt.plugins.JUnitXmlReportPlugin, sbt.plugins.BackgroundRunPlugin, com.typesafe.sbt.packager.rpm.RpmPlugin, com.typesafe.sbt.web.SbtWeb, com.typesafe.sbt.packager.debian.DebianPlugin) not found List(play.sbt.PlayScala, play.sbt.Play, com.typesafe.sbt.packager.archetypes.JavaServerAppPackaging, play.sbt.PlayNettyServer, play.sbt.PlayLayoutPlugin, play.sbt.PlayLogback, com.typesafe.sbt.jse.SbtJsTask, com.typesafe.sbt.jshint.SbtJSHint, com.typesafe.sbt.packager.archetypes.JavaAppPackaging, com.typesafe.sbt.mocha.SbtMocha, com.typesafe.sbt.less.SbtLess, com.typesafe.sbt.rjs.SbtRjs, com.typesafe.sbt.jse.SbtJsEngine, com.typesafe.sbt.coffeescript.SbtCoffeeScript, play.sbt.forkrun.PlayForkRun, org.irundaia.sbt.sass.SbtSassify, com.typesafe.sbt.digest.SbtDigest)
  :: sorting:: found: List(sbt.plugins.CorePlugin, com.typesafe.sbt.SbtNativePackager, sbt.plugins.InteractionServicePlugin, sbt.plugins.SendEventServicePlugin, sbt.plugins.SerializersPlugin, sbt.plugins.IvyPlugin, com.typesafe.sbt.packager.universal.UniversalPlugin, sbt.plugins.JvmPlugin, com.typesafe.sbt.packager.windows.WindowsPlugin, com.typesafe.sbt.packager.docker.DockerPlugin, com.typesafe.sbt.packager.linux.LinuxPlugin, play.twirl.sbt.SbtTwirl, play.sbt.routes.RoutesCompiler, sbt.plugins.JUnitXmlReportPlugin, sbt.plugins.BackgroundRunPlugin, com.typesafe.sbt.packager.rpm.RpmPlugin, com.typesafe.sbt.web.SbtWeb, com.typesafe.sbt.packager.debian.DebianPlugin, com.typesafe.sbt.packager.archetypes.JavaAppPackaging, com.typesafe.sbt.jse.SbtJsEngine, org.irundaia.sbt.sass.SbtSassify, com.typesafe.sbt.digest.SbtDigest) not found List(play.sbt.PlayScala, play.sbt.Play, com.typesafe.sbt.packager.archetypes.JavaServerAppPackaging, play.sbt.PlayNettyServer, play.sbt.PlayLayoutPlugin, play.sbt.PlayLogback, com.typesafe.sbt.jse.SbtJsTask, com.typesafe.sbt.jshint.SbtJSHint, com.typesafe.sbt.mocha.SbtMocha, com.typesafe.sbt.less.SbtLess, com.typesafe.sbt.rjs.SbtRjs, com.typesafe.sbt.coffeescript.SbtCoffeeScript, play.sbt.forkrun.PlayForkRun)
  :: sorting:: found: List(sbt.plugins.CorePlugin, com.typesafe.sbt.SbtNativePackager, sbt.plugins.InteractionServicePlugin, sbt.plugins.SendEventServicePlugin, sbt.plugins.SerializersPlugin, sbt.plugins.IvyPlugin, com.typesafe.sbt.packager.universal.UniversalPlugin, sbt.plugins.JvmPlugin, com.typesafe.sbt.packager.windows.WindowsPlugin, com.typesafe.sbt.packager.docker.DockerPlugin, com.typesafe.sbt.packager.linux.LinuxPlugin, play.twirl.sbt.SbtTwirl, play.sbt.routes.RoutesCompiler, sbt.plugins.JUnitXmlReportPlugin, sbt.plugins.BackgroundRunPlugin, com.typesafe.sbt.packager.rpm.RpmPlugin, com.typesafe.sbt.web.SbtWeb, com.typesafe.sbt.packager.debian.DebianPlugin, com.typesafe.sbt.packager.archetypes.JavaAppPackaging, com.typesafe.sbt.jse.SbtJsEngine, org.irundaia.sbt.sass.SbtSassify, com.typesafe.sbt.digest.SbtDigest, com.typesafe.sbt.packager.archetypes.JavaServerAppPackaging, com.typesafe.sbt.jse.SbtJsTask) not found List(play.sbt.PlayScala, play.sbt.Play, play.sbt.PlayNettyServer, play.sbt.PlayLayoutPlugin, play.sbt.PlayLogback, com.typesafe.sbt.jshint.SbtJSHint, com.typesafe.sbt.mocha.SbtMocha, com.typesafe.sbt.less.SbtLess, com.typesafe.sbt.rjs.SbtRjs, com.typesafe.sbt.coffeescript.SbtCoffeeScript, play.sbt.forkrun.PlayForkRun)
  :: sorting:: found: List(sbt.plugins.CorePlugin, com.typesafe.sbt.SbtNativePackager, sbt.plugins.InteractionServicePlugin, sbt.plugins.SendEventServicePlugin, sbt.plugins.SerializersPlugin, sbt.plugins.IvyPlugin, com.typesafe.sbt.packager.universal.UniversalPlugin, sbt.plugins.JvmPlugin, com.typesafe.sbt.packager.windows.WindowsPlugin, com.typesafe.sbt.packager.docker.DockerPlugin, com.typesafe.sbt.packager.linux.LinuxPlugin, play.twirl.sbt.SbtTwirl, play.sbt.routes.RoutesCompiler, sbt.plugins.JUnitXmlReportPlugin, sbt.plugins.BackgroundRunPlugin, com.typesafe.sbt.packager.rpm.RpmPlugin, com.typesafe.sbt.web.SbtWeb, com.typesafe.sbt.packager.debian.DebianPlugin, com.typesafe.sbt.packager.archetypes.JavaAppPackaging, com.typesafe.sbt.jse.SbtJsEngine, org.irundaia.sbt.sass.SbtSassify, com.typesafe.sbt.digest.SbtDigest, com.typesafe.sbt.packager.archetypes.JavaServerAppPackaging, com.typesafe.sbt.jse.SbtJsTask, play.sbt.Play, com.typesafe.sbt.jshint.SbtJSHint, com.typesafe.sbt.mocha.SbtMocha, com.typesafe.sbt.less.SbtLess, com.typesafe.sbt.rjs.SbtRjs, com.typesafe.sbt.coffeescript.SbtCoffeeScript) not found List(play.sbt.PlayScala, play.sbt.PlayNettyServer, play.sbt.PlayLayoutPlugin, play.sbt.PlayLogback, play.sbt.forkrun.PlayForkRun)
  :: sorting:: found: List(sbt.plugins.CorePlugin, com.typesafe.sbt.SbtNativePackager, sbt.plugins.InteractionServicePlugin, sbt.plugins.SendEventServicePlugin, sbt.plugins.SerializersPlugin, sbt.plugins.IvyPlugin, com.typesafe.sbt.packager.universal.UniversalPlugin, sbt.plugins.JvmPlugin, com.typesafe.sbt.packager.windows.WindowsPlugin, com.typesafe.sbt.packager.docker.DockerPlugin, com.typesafe.sbt.packager.linux.LinuxPlugin, play.twirl.sbt.SbtTwirl, play.sbt.routes.RoutesCompiler, sbt.plugins.JUnitXmlReportPlugin, sbt.plugins.BackgroundRunPlugin, com.typesafe.sbt.packager.rpm.RpmPlugin, com.typesafe.sbt.web.SbtWeb, com.typesafe.sbt.packager.debian.DebianPlugin, com.typesafe.sbt.packager.archetypes.JavaAppPackaging, com.typesafe.sbt.jse.SbtJsEngine, org.irundaia.sbt.sass.SbtSassify, com.typesafe.sbt.digest.SbtDigest, com.typesafe.sbt.packager.archetypes.JavaServerAppPackaging, com.typesafe.sbt.jse.SbtJsTask, play.sbt.Play, com.typesafe.sbt.jshint.SbtJSHint, com.typesafe.sbt.mocha.SbtMocha, com.typesafe.sbt.less.SbtLess, com.typesafe.sbt.rjs.SbtRjs, com.typesafe.sbt.coffeescript.SbtCoffeeScript, play.sbt.PlayScala, play.sbt.PlayNettyServer, play.sbt.PlayLayoutPlugin, play.sbt.PlayLogback, play.sbt.forkrun.PlayForkRun) not found List()
  :: sorted deduced result: List(sbt.plugins.CorePlugin, com.typesafe.sbt.SbtNativePackager, sbt.plugins.InteractionServicePlugin, sbt.plugins.SendEventServicePlugin, sbt.plugins.SerializersPlugin, sbt.plugins.IvyPlugin, com.typesafe.sbt.packager.universal.UniversalPlugin, sbt.plugins.JvmPlugin, com.typesafe.sbt.packager.windows.WindowsPlugin, com.typesafe.sbt.packager.docker.DockerPlugin, com.typesafe.sbt.packager.linux.LinuxPlugin, play.twirl.sbt.SbtTwirl, play.sbt.routes.RoutesCompiler, sbt.plugins.JUnitXmlReportPlugin, sbt.plugins.BackgroundRunPlugin, com.typesafe.sbt.packager.rpm.RpmPlugin, com.typesafe.sbt.web.SbtWeb, com.typesafe.sbt.packager.debian.DebianPlugin, com.typesafe.sbt.packager.archetypes.JavaAppPackaging, com.typesafe.sbt.jse.SbtJsEngine, org.irundaia.sbt.sass.SbtSassify, com.typesafe.sbt.digest.SbtDigest, com.typesafe.sbt.packager.archetypes.JavaServerAppPackaging, com.typesafe.sbt.jse.SbtJsTask, play.sbt.Play, com.typesafe.sbt.jshint.SbtJSHint, com.typesafe.sbt.mocha.SbtMocha, com.typesafe.sbt.less.SbtLess, com.typesafe.sbt.rjs.SbtRjs, com.typesafe.sbt.coffeescript.SbtCoffeeScript, play.sbt.PlayScala, play.sbt.PlayNettyServer, play.sbt.PlayLayoutPlugin, play.sbt.PlayLogback, play.sbt.forkrun.PlayForkRun)
[Loading] Done in /Users/farrellyja/Workspace/studio-tag, returning: (root)
Set current project to studio-tag (in build file:/Users/farrellyja/Workspace/studio-tag/)
Reapplying settings...
Set current project to studio-tag (in build file:/Users/farrellyja/Workspace/studio-tag/)
> iflast shell
> server-send-ready-for-request
> server-handle-next-server-request
> {file:/Users/farrellyja/Workspace/studio-tag/}root/compile:discoveredMainClasses
Evaluating tasks: compile:discoveredMainClasses
Running task... Cancel: sbt.server.ServerTaskCancellation@2a4cc06a, check cycles: false

Initial source changes: 
	removed:Set()
	added: Set()
	modified: Set(/Users/farrellyja/Workspace/studio-tag/target/scala-2.11/twirl/main/views/html/index.template.scala, /Users/farrellyja/Workspace/studio-tag/target/scala-2.11/twirl/main/views/html/main.template.scala)
Removed products: Set()
External API changes: API Changes: Set()
Modified binary dependencies: Set()
Initial directly invalidated sources: Set(/Users/farrellyja/Workspace/studio-tag/target/scala-2.11/twirl/main/views/html/index.template.scala, /Users/farrellyja/Workspace/studio-tag/target/scala-2.11/twirl/main/views/html/main.template.scala)

Sources indirectly invalidated by:
	product: Set()
	binary dep: Set()
	external source: Set()
All initially invalidated sources: Set(/Users/farrellyja/Workspace/studio-tag/target/scala-2.11/twirl/main/views/html/index.template.scala, /Users/farrellyja/Workspace/studio-tag/target/scala-2.11/twirl/main/views/html/main.template.scala)

Read from stdout: Compiling 2 Scala sources to /Users/farrellyja/Workspace/studio-tag/target/scala-2.11/classes...
Compiling 2 Scala sources to /Users/farrellyja/Workspace/studio-tag/target/scala-2.11/classes...
Getting compiler-interface from component compiler for Scala 2.11.7
Other repositories:
Default repositories:
Other repositories:
Default repositories:
Read from stdout: 'compiler-interface' not yet compiled for Scala 2.11.7. Compiling...
'compiler-interface' not yet compiled for Scala 2.11.7. Compiling...
Plain interface to Scala compiler 2.11.7  with arguments: 
	-nowarn
	-d
	/var/folders/8t/tl3wsqf57d3d6ty4rw9x7ztn3b_cgl/T/sbt_88eb41f5
	-bootclasspath
	/Library/Java/JavaVirtualMachines/jdk1.8.0_101.jdk/Contents/Home/jre/lib/resources.jar:/Library/Java/JavaVirtualMachines/jdk1.8.0_101.jdk/Contents/Home/jre/lib/rt.jar:/Library/Java/JavaVirtualMachines/jdk1.8.0_101.jdk/Contents/Home/jre/lib/sunrsasign.jar:/Library/Java/JavaVirtualMachines/jdk1.8.0_101.jdk/Contents/Home/jre/lib/jsse.jar:/Library/Java/JavaVirtualMachines/jdk1.8.0_101.jdk/Contents/Home/jre/lib/jce.jar:/Library/Java/JavaVirtualMachines/jdk1.8.0_101.jdk/Contents/Home/jre/lib/charsets.jar:/Library/Java/JavaVirtualMachines/jdk1.8.0_101.jdk/Contents/Home/jre/lib/jfr.jar:/Library/Java/JavaVirtualMachines/jdk1.8.0_101.jdk/Contents/Home/jre/classes:/Users/farrellyja/.ivy2/cache/org.scala-lang/scala-library/jars/scala-library-2.11.7.jar
	-classpath
	/Users/farrellyja/.sbt/boot/scala-2.10.4/com.typesafe.sbtrc/server-0-13/0.3.1/xsbti/interface-0.13.8-M3.jar:/Users/farrellyja/.sbt/boot/scala-2.10.4/com.typesafe.sbtrc/server-0-13/0.3.1/compiler-interface-src/compiler-interface-src-0.13.8-M3.jar:/Users/farrellyja/.ivy2/cache/org.scala-lang/scala-compiler/jars/scala-compiler-2.11.7.jar:/Users/farrellyja/.ivy2/cache/org.scala-lang/scala-reflect/jars/scala-reflect-2.11.7.jar:/Users/farrellyja/.ivy2/cache/org.scala-lang.modules/scala-xml_2.11/bundles/scala-xml_2.11-1.0.4.jar:/Users/farrellyja/.ivy2/cache/org.scala-lang.modules/scala-parser-combinators_2.11/bundles/scala-parser-combinators_2.11-1.0.4.jar:/Users/farrellyja/.ivy2/cache/jline/jline/jars/jline-2.12.1.jar
	/var/folders/8t/tl3wsqf57d3d6ty4rw9x7ztn3b_cgl/T/sbt_6a6183e0/xsbt/API.scala
	/var/folders/8t/tl3wsqf57d3d6ty4rw9x7ztn3b_cgl/T/sbt_6a6183e0/xsbt/Analyzer.scala
	/var/folders/8t/tl3wsqf57d3d6ty4rw9x7ztn3b_cgl/T/sbt_6a6183e0/xsbt/Command.scala
	/var/folders/8t/tl3wsqf57d3d6ty4rw9x7ztn3b_cgl/T/sbt_6a6183e0/xsbt/Compat.scala
	/var/folders/8t/tl3wsqf57d3d6ty4rw9x7ztn3b_cgl/T/sbt_6a6183e0/xsbt/CompilerInterface.scala
	/var/folders/8t/tl3wsqf57d3d6ty4rw9x7ztn3b_cgl/T/sbt_6a6183e0/xsbt/ConsoleInterface.scala
	/var/folders/8t/tl3wsqf57d3d6ty4rw9x7ztn3b_cgl/T/sbt_6a6183e0/xsbt/DelegatingReporter.scala
	/var/folders/8t/tl3wsqf57d3d6ty4rw9x7ztn3b_cgl/T/sbt_6a6183e0/xsbt/Dependency.scala
	/var/folders/8t/tl3wsqf57d3d6ty4rw9x7ztn3b_cgl/T/sbt_6a6183e0/xsbt/ExtractAPI.scala
	/var/folders/8t/tl3wsqf57d3d6ty4rw9x7ztn3b_cgl/T/sbt_6a6183e0/xsbt/ExtractUsedNames.scala
	/var/folders/8t/tl3wsqf57d3d6ty4rw9x7ztn3b_cgl/T/sbt_6a6183e0/xsbt/LocateClassFile.scala
	/var/folders/8t/tl3wsqf57d3d6ty4rw9x7ztn3b_cgl/T/sbt_6a6183e0/xsbt/Log.scala
	/var/folders/8t/tl3wsqf57d3d6ty4rw9x7ztn3b_cgl/T/sbt_6a6183e0/xsbt/Message.scala
	/var/folders/8t/tl3wsqf57d3d6ty4rw9x7ztn3b_cgl/T/sbt_6a6183e0/xsbt/ScaladocInterface.scala
Read from stdout: Compilation completed in 8.23 s
  Compilation completed in 8.23 s
Other repositories:
Default repositories:
Getting compiler-interface from component compiler for Scala 2.11.7
Other repositories:
Default repositories:
Running cached compiler 70abdd31, interfacing (CompilerInterface) with Scala compiler version 2.11.7
Calling Scala compiler with arguments  (CompilerInterface):
	-deprecation
	-unchecked
	-encoding
	utf8
	-bootclasspath
	/Library/Java/JavaVirtualMachines/jdk1.8.0_101.jdk/Contents/Home/jre/lib/resources.jar:/Library/Java/JavaVirtualMachines/jdk1.8.0_101.jdk/Contents/Home/jre/lib/rt.jar:/Library/Java/JavaVirtualMachines/jdk1.8.0_101.jdk/Contents/Home/jre/lib/sunrsasign.jar:/Library/Java/JavaVirtualMachines/jdk1.8.0_101.jdk/Contents/Home/jre/lib/jsse.jar:/Library/Java/JavaVirtualMachines/jdk1.8.0_101.jdk/Contents/Home/jre/lib/jce.jar:/Library/Java/JavaVirtualMachines/jdk1.8.0_101.jdk/Contents/Home/jre/lib/charsets.jar:/Library/Java/JavaVirtualMachines/jdk1.8.0_101.jdk/Contents/Home/jre/lib/jfr.jar:/Library/Java/JavaVirtualMachines/jdk1.8.0_101.jdk/Contents/Home/jre/classes:/Users/farrellyja/.ivy2/cache/org.scala-lang/scala-library/jars/scala-library-2.11.7.jar
	-classpath
	/Users/farrellyja/Workspace/studio-tag/target/scala-2.11/classes:/Users/farrellyja/.ivy2/cache/com.typesafe.play/twirl-api_2.11/jars/twirl-api_2.11-1.1.1.jar:/Users/farrellyja/.ivy2/cache/org.apache.commons/commons-lang3/jars/commons-lang3-3.4.jar:/Users/farrellyja/.ivy2/cache/org.scala-lang.modules/scala-xml_2.11/bundles/scala-xml_2.11-1.0.1.jar:/Users/farrellyja/.ivy2/cache/com.typesafe.play/play-server_2.11/jars/play-server_2.11-2.5.10.jar:/Users/farrellyja/.ivy2/cache/com.typesafe.play/play_2.11/jars/play_2.11-2.5.10.jar:/Users/farrellyja/.ivy2/cache/com.typesafe.play/build-link/jars/build-link-2.5.10.jar:/Users/farrellyja/.ivy2/cache/com.typesafe.play/play-exceptions/jars/play-exceptions-2.5.10.jar:/Users/farrellyja/.ivy2/cache/com.typesafe.play/play-iteratees_2.11/jars/play-iteratees_2.11-2.5.10.jar:/Users/farrellyja/.ivy2/cache/org.scala-stm/scala-stm_2.11/jars/scala-stm_2.11-0.7.jar:/Users/farrellyja/.ivy2/cache/com.typesafe/config/bundles/config-1.3.0.jar:/Users/farrellyja/.ivy2/cache/com.typesafe.play/play-json_2.11/jars/play-json_2.11-2.5.10.jar:/Users/farrellyja/.ivy2/cache/com.typesafe.play/play-functional_2.11/jars/play-functional_2.11-2.5.10.jar:/Users/farrellyja/.ivy2/cache/com.typesafe.play/play-datacommons_2.11/jars/play-datacommons_2.11-2.5.10.jar:/Users/farrellyja/.ivy2/cache/joda-time/joda-time/jars/joda-time-2.9.6.jar:/Users/farrellyja/.ivy2/cache/org.joda/joda-convert/jars/joda-convert-1.8.1.jar:/Users/farrellyja/.ivy2/cache/org.scala-lang/scala-reflect/jars/scala-reflect-2.11.7.jar:/Users/farrellyja/.ivy2/cache/com.fasterxml.jackson.core/jackson-core/bundles/jackson-core-2.7.8.jar:/Users/farrellyja/.ivy2/cache/com.fasterxml.jackson.core/jackson-annotations/bundles/jackson-annotations-2.7.8.jar:/Users/farrellyja/.ivy2/cache/com.fasterxml.jackson.core/jackson-databind/bundles/jackson-databind-2.7.8.jar:/Users/farrellyja/.ivy2/cache/com.fasterxml.jackson.datatype/jackson-datatype-jdk8/bundles/jackson-datatype-jdk8-2.7.8.jar:/Users/farrellyja/.ivy2/cache/com.fasterxml.jackson.datatype/jackson-datatype-jsr310/bundles/jackson-datatype-jsr310-2.7.8.jar:/Users/farrellyja/.ivy2/cache/com.typesafe.play/play-netty-utils/jars/play-netty-utils-2.5.10.jar:/Users/farrellyja/.ivy2/cache/org.slf4j/slf4j-api/jars/slf4j-api-1.7.21.jar:/Users/farrellyja/.ivy2/cache/org.slf4j/jul-to-slf4j/jars/jul-to-slf4j-1.7.21.jar:/Users/farrellyja/.ivy2/cache/org.slf4j/jcl-over-slf4j/jars/jcl-over-slf4j-1.7.21.jar:/Users/farrellyja/.ivy2/cache/com.typesafe.play/play-streams_2.11/jars/play-streams_2.11-2.5.10.jar:/Users/farrellyja/.ivy2/cache/org.reactivestreams/reactive-streams/jars/reactive-streams-1.0.0.jar:/Users/farrellyja/.ivy2/cache/com.typesafe.akka/akka-stream_2.11/jars/akka-stream_2.11-2.4.12.jar:/Users/farrellyja/.ivy2/cache/com.typesafe.akka/akka-actor_2.11/jars/akka-actor_2.11-2.4.12.jar:/Users/farrellyja/.ivy2/cache/org.scala-lang.modules/scala-java8-compat_2.11/bundles/scala-java8-compat_2.11-0.7.0.jar:/Users/farrellyja/.ivy2/cache/com.typesafe/ssl-config-core_2.11/bundles/ssl-config-core_2.11-0.2.1.jar:/Users/farrellyja/.ivy2/cache/org.scala-lang.modules/scala-parser-combinators_2.11/bundles/scala-parser-combinators_2.11-1.0.4.jar:/Users/farrellyja/.ivy2/cache/com.typesafe.akka/akka-slf4j_2.11/jars/akka-slf4j_2.11-2.4.12.jar:/Users/farrellyja/.ivy2/cache/commons-codec/commons-codec/jars/commons-codec-1.10.jar:/Users/farrellyja/.ivy2/cache/xerces/xercesImpl/jars/xercesImpl-2.11.0.jar:/Users/farrellyja/.ivy2/cache/xml-apis/xml-apis/jars/xml-apis-1.4.01.jar:/Users/farrellyja/.ivy2/cache/javax.transaction/jta/jars/jta-1.1.jar:/Users/farrellyja/.ivy2/cache/com.google.inject/guice/jars/guice-4.0.jar:/Users/farrellyja/.ivy2/cache/javax.inject/javax.inject/jars/javax.inject-1.jar:/Users/farrellyja/.ivy2/cache/aopalliance/aopalliance/jars/aopalliance-1.0.jar:/Users/farrellyja/.ivy2/cache/com.google.inject.extensions/guice-assistedinject/jars/guice-assistedinject-4.0.jar:/Users/farrellyja/.ivy2/cache/com.typesafe.play/play-netty-server_2.11/jars/play-netty-server_2.11-2.5.10.jar:/Users/farrellyja/.ivy2/cache/com.typesafe.netty/netty-reactive-streams-http/jars/netty-reactive-streams-http-1.0.8.jar:/Users/farrellyja/.ivy2/cache/com.typesafe.netty/netty-reactive-streams/jars/netty-reactive-streams-1.0.8.jar:/Users/farrellyja/.ivy2/cache/io.netty/netty-handler/jars/netty-handler-4.0.41.Final.jar:/Users/farrellyja/.ivy2/cache/io.netty/netty-buffer/jars/netty-buffer-4.0.41.Final.jar:/Users/farrellyja/.ivy2/cache/io.netty/netty-common/jars/netty-common-4.0.41.Final.jar:/Users/farrellyja/.ivy2/cache/io.netty/netty-transport/jars/netty-transport-4.0.41.Final.jar:/Users/farrellyja/.ivy2/cache/io.netty/netty-codec/jars/netty-codec-4.0.41.Final.jar:/Users/farrellyja/.ivy2/cache/io.netty/netty-codec-http/jars/netty-codec-http-4.0.41.Final.jar:/Users/farrellyja/.ivy2/cache/io.netty/netty-transport-native-epoll/jars/netty-transport-native-epoll-4.0.41.Final-linux-x86_64.jar:/Users/farrellyja/.ivy2/cache/com.typesafe.play/play-logback_2.11/jars/play-logback_2.11-2.5.10.jar:/Users/farrellyja/.ivy2/cache/ch.qos.logback/logback-classic/jars/logback-classic-1.1.7.jar:/Users/farrellyja/.ivy2/cache/ch.qos.logback/logback-core/jars/logback-core-1.1.7.jar:/Users/farrellyja/.ivy2/cache/com.typesafe.play/play-jdbc_2.11/jars/play-jdbc_2.11-2.5.10.jar:/Users/farrellyja/.ivy2/cache/com.typesafe.play/play-jdbc-api_2.11/jars/play-jdbc-api_2.11-2.5.10.jar:/Users/farrellyja/.ivy2/cache/com.jolbox/bonecp/bundles/bonecp-0.8.0.RELEASE.jar:/Users/farrellyja/.ivy2/cache/com.zaxxer/HikariCP/bundles/HikariCP-2.5.1.jar:/Users/farrellyja/.ivy2/cache/com.googlecode.usc/jdbcdslog/jars/jdbcdslog-1.0.6.2.jar:/Users/farrellyja/.ivy2/cache/com.h2database/h2/jars/h2-1.4.192.jar:/Users/farrellyja/.ivy2/cache/tyrex/tyrex/jars/tyrex-1.0.1.jar:/Users/farrellyja/.ivy2/cache/com.typesafe.play/play-cache_2.11/jars/play-cache_2.11-2.5.10.jar:/Users/farrellyja/.ivy2/cache/net.sf.ehcache/ehcache-core/jars/ehcache-core-2.6.11.jar:/Users/farrellyja/.ivy2/cache/com.typesafe.play/play-ws_2.11/jars/play-ws_2.11-2.5.10.jar:/Users/farrellyja/.ivy2/cache/com.google.guava/guava/bundles/guava-19.0.jar:/Users/farrellyja/.ivy2/cache/org.asynchttpclient/async-http-client/jars/async-http-client-2.0.11.jar:/Users/farrellyja/.ivy2/cache/org.asynchttpclient/netty-resolver-dns/jars/netty-resolver-dns-2.0.11.jar:/Users/farrellyja/.ivy2/cache/org.asynchttpclient/netty-resolver/jars/netty-resolver-2.0.11.jar:/Users/farrellyja/.ivy2/cache/org.asynchttpclient/netty-codec-dns/jars/netty-codec-dns-2.0.11.jar:/Users/farrellyja/.ivy2/cache/org.javassist/javassist/bundles/javassist-3.20.0-GA.jar:/Users/farrellyja/.ivy2/cache/oauth.signpost/signpost-core/jars/signpost-core-1.2.1.2.jar:/Users/farrellyja/.ivy2/cache/oauth.signpost/signpost-commonshttp4/jars/signpost-commonshttp4-1.2.1.2.jar:/Users/farrellyja/.ivy2/cache/org.apache.httpcomponents/httpcore/jars/httpcore-4.0.1.jar:/Users/farrellyja/.ivy2/cache/org.apache.httpcomponents/httpclient/jars/httpclient-4.0.1.jar:/Users/farrellyja/.ivy2/cache/commons-logging/commons-logging/jars/commons-logging-1.1.1.jar
Scala compilation took 9.629034416 s
Invalidating /Users/farrellyja/Workspace/studio-tag/target/scala-2.11/twirl/main/views/html/index.template.scala...
Invalidating (transitively) by inheritance from /Users/farrellyja/Workspace/studio-tag/target/scala-2.11/twirl/main/views/html/index.template.scala...
Initial set of included nodes: Set(/Users/farrellyja/Workspace/studio-tag/target/scala-2.11/twirl/main/views/html/index.template.scala)
Invalidated by transitive inheritance dependency: Set(/Users/farrellyja/Workspace/studio-tag/target/scala-2.11/twirl/main/views/html/index.template.scala)
The /Users/farrellyja/Workspace/studio-tag/target/scala-2.11/twirl/main/views/html/index.template.scala source file has the following regular definitions changed:
	f, render, apply, index.
All member reference dependencies will be considered within this context.
The following modified names cause invalidation of /Users/farrellyja/Workspace/studio-tag/app/controllers/HomeController.scala: Set(apply, index)
New invalidations:
	Set(/Users/farrellyja/Workspace/studio-tag/app/controllers/HomeController.scala)
Initial set of included nodes: Set(/Users/farrellyja/Workspace/studio-tag/app/controllers/HomeController.scala)
Including /Users/farrellyja/Workspace/studio-tag/target/scala-2.11/routes/main/router/Routes.scala by /Users/farrellyja/Workspace/studio-tag/app/controllers/HomeController.scala
Previously invalidated, but (transitively) depend on new invalidations:
	Set()
All newly invalidated sources after taking into account (previously) recompiled sources:Set(/Users/farrellyja/Workspace/studio-tag/app/controllers/HomeController.scala)
Read from stdout: Compiling 1 Scala source to /Users/farrellyja/Workspace/studio-tag/target/scala-2.11/classes...
Compiling 1 Scala source to /Users/farrellyja/Workspace/studio-tag/target/scala-2.11/classes...
Getting compiler-interface from component compiler for Scala 2.11.7
Other repositories:
Default repositories:
Getting compiler-interface from component compiler for Scala 2.11.7
Other repositories:
Default repositories:
Running cached compiler 329d320a, interfacing (CompilerInterface) with Scala compiler version 2.11.7
Calling Scala compiler with arguments  (CompilerInterface):
	-deprecation
	-unchecked
	-encoding
	utf8
	-bootclasspath
	/Library/Java/JavaVirtualMachines/jdk1.8.0_101.jdk/Contents/Home/jre/lib/resources.jar:/Library/Java/JavaVirtualMachines/jdk1.8.0_101.jdk/Contents/Home/jre/lib/rt.jar:/Library/Java/JavaVirtualMachines/jdk1.8.0_101.jdk/Contents/Home/jre/lib/sunrsasign.jar:/Library/Java/JavaVirtualMachines/jdk1.8.0_101.jdk/Contents/Home/jre/lib/jsse.jar:/Library/Java/JavaVirtualMachines/jdk1.8.0_101.jdk/Contents/Home/jre/lib/jce.jar:/Library/Java/JavaVirtualMachines/jdk1.8.0_101.jdk/Contents/Home/jre/lib/charsets.jar:/Library/Java/JavaVirtualMachines/jdk1.8.0_101.jdk/Contents/Home/jre/lib/jfr.jar:/Library/Java/JavaVirtualMachines/jdk1.8.0_101.jdk/Contents/Home/jre/classes:/Users/farrellyja/.ivy2/cache/org.scala-lang/scala-library/jars/scala-library-2.11.7.jar
	-classpath
	/Users/farrellyja/Workspace/studio-tag/target/scala-2.11/classes:/Users/farrellyja/.ivy2/cache/com.typesafe.play/twirl-api_2.11/jars/twirl-api_2.11-1.1.1.jar:/Users/farrellyja/.ivy2/cache/org.apache.commons/commons-lang3/jars/commons-lang3-3.4.jar:/Users/farrellyja/.ivy2/cache/org.scala-lang.modules/scala-xml_2.11/bundles/scala-xml_2.11-1.0.1.jar:/Users/farrellyja/.ivy2/cache/com.typesafe.play/play-server_2.11/jars/play-server_2.11-2.5.10.jar:/Users/farrellyja/.ivy2/cache/com.typesafe.play/play_2.11/jars/play_2.11-2.5.10.jar:/Users/farrellyja/.ivy2/cache/com.typesafe.play/build-link/jars/build-link-2.5.10.jar:/Users/farrellyja/.ivy2/cache/com.typesafe.play/play-exceptions/jars/play-exceptions-2.5.10.jar:/Users/farrellyja/.ivy2/cache/com.typesafe.play/play-iteratees_2.11/jars/play-iteratees_2.11-2.5.10.jar:/Users/farrellyja/.ivy2/cache/org.scala-stm/scala-stm_2.11/jars/scala-stm_2.11-0.7.jar:/Users/farrellyja/.ivy2/cache/com.typesafe/config/bundles/config-1.3.0.jar:/Users/farrellyja/.ivy2/cache/com.typesafe.play/play-json_2.11/jars/play-json_2.11-2.5.10.jar:/Users/farrellyja/.ivy2/cache/com.typesafe.play/play-functional_2.11/jars/play-functional_2.11-2.5.10.jar:/Users/farrellyja/.ivy2/cache/com.typesafe.play/play-datacommons_2.11/jars/play-datacommons_2.11-2.5.10.jar:/Users/farrellyja/.ivy2/cache/joda-time/joda-time/jars/joda-time-2.9.6.jar:/Users/farrellyja/.ivy2/cache/org.joda/joda-convert/jars/joda-convert-1.8.1.jar:/Users/farrellyja/.ivy2/cache/org.scala-lang/scala-reflect/jars/scala-reflect-2.11.7.jar:/Users/farrellyja/.ivy2/cache/com.fasterxml.jackson.core/jackson-core/bundles/jackson-core-2.7.8.jar:/Users/farrellyja/.ivy2/cache/com.fasterxml.jackson.core/jackson-annotations/bundles/jackson-annotations-2.7.8.jar:/Users/farrellyja/.ivy2/cache/com.fasterxml.jackson.core/jackson-databind/bundles/jackson-databind-2.7.8.jar:/Users/farrellyja/.ivy2/cache/com.fasterxml.jackson.datatype/jackson-datatype-jdk8/bundles/jackson-datatype-jdk8-2.7.8.jar:/Users/farrellyja/.ivy2/cache/com.fasterxml.jackson.datatype/jackson-datatype-jsr310/bundles/jackson-datatype-jsr310-2.7.8.jar:/Users/farrellyja/.ivy2/cache/com.typesafe.play/play-netty-utils/jars/play-netty-utils-2.5.10.jar:/Users/farrellyja/.ivy2/cache/org.slf4j/slf4j-api/jars/slf4j-api-1.7.21.jar:/Users/farrellyja/.ivy2/cache/org.slf4j/jul-to-slf4j/jars/jul-to-slf4j-1.7.21.jar:/Users/farrellyja/.ivy2/cache/org.slf4j/jcl-over-slf4j/jars/jcl-over-slf4j-1.7.21.jar:/Users/farrellyja/.ivy2/cache/com.typesafe.play/play-streams_2.11/jars/play-streams_2.11-2.5.10.jar:/Users/farrellyja/.ivy2/cache/org.reactivestreams/reactive-streams/jars/reactive-streams-1.0.0.jar:/Users/farrellyja/.ivy2/cache/com.typesafe.akka/akka-stream_2.11/jars/akka-stream_2.11-2.4.12.jar:/Users/farrellyja/.ivy2/cache/com.typesafe.akka/akka-actor_2.11/jars/akka-actor_2.11-2.4.12.jar:/Users/farrellyja/.ivy2/cache/org.scala-lang.modules/scala-java8-compat_2.11/bundles/scala-java8-compat_2.11-0.7.0.jar:/Users/farrellyja/.ivy2/cache/com.typesafe/ssl-config-core_2.11/bundles/ssl-config-core_2.11-0.2.1.jar:/Users/farrellyja/.ivy2/cache/org.scala-lang.modules/scala-parser-combinators_2.11/bundles/scala-parser-combinators_2.11-1.0.4.jar:/Users/farrellyja/.ivy2/cache/com.typesafe.akka/akka-slf4j_2.11/jars/akka-slf4j_2.11-2.4.12.jar:/Users/farrellyja/.ivy2/cache/commons-codec/commons-codec/jars/commons-codec-1.10.jar:/Users/farrellyja/.ivy2/cache/xerces/xercesImpl/jars/xercesImpl-2.11.0.jar:/Users/farrellyja/.ivy2/cache/xml-apis/xml-apis/jars/xml-apis-1.4.01.jar:/Users/farrellyja/.ivy2/cache/javax.transaction/jta/jars/jta-1.1.jar:/Users/farrellyja/.ivy2/cache/com.google.inject/guice/jars/guice-4.0.jar:/Users/farrellyja/.ivy2/cache/javax.inject/javax.inject/jars/javax.inject-1.jar:/Users/farrellyja/.ivy2/cache/aopalliance/aopalliance/jars/aopalliance-1.0.jar:/Users/farrellyja/.ivy2/cache/com.google.inject.extensions/guice-assistedinject/jars/guice-assistedinject-4.0.jar:/Users/farrellyja/.ivy2/cache/com.typesafe.play/play-netty-server_2.11/jars/play-netty-server_2.11-2.5.10.jar:/Users/farrellyja/.ivy2/cache/com.typesafe.netty/netty-reactive-streams-http/jars/netty-reactive-streams-http-1.0.8.jar:/Users/farrellyja/.ivy2/cache/com.typesafe.netty/netty-reactive-streams/jars/netty-reactive-streams-1.0.8.jar:/Users/farrellyja/.ivy2/cache/io.netty/netty-handler/jars/netty-handler-4.0.41.Final.jar:/Users/farrellyja/.ivy2/cache/io.netty/netty-buffer/jars/netty-buffer-4.0.41.Final.jar:/Users/farrellyja/.ivy2/cache/io.netty/netty-common/jars/netty-common-4.0.41.Final.jar:/Users/farrellyja/.ivy2/cache/io.netty/netty-transport/jars/netty-transport-4.0.41.Final.jar:/Users/farrellyja/.ivy2/cache/io.netty/netty-codec/jars/netty-codec-4.0.41.Final.jar:/Users/farrellyja/.ivy2/cache/io.netty/netty-codec-http/jars/netty-codec-http-4.0.41.Final.jar:/Users/farrellyja/.ivy2/cache/io.netty/netty-transport-native-epoll/jars/netty-transport-native-epoll-4.0.41.Final-linux-x86_64.jar:/Users/farrellyja/.ivy2/cache/com.typesafe.play/play-logback_2.11/jars/play-logback_2.11-2.5.10.jar:/Users/farrellyja/.ivy2/cache/ch.qos.logback/logback-classic/jars/logback-classic-1.1.7.jar:/Users/farrellyja/.ivy2/cache/ch.qos.logback/logback-core/jars/logback-core-1.1.7.jar:/Users/farrellyja/.ivy2/cache/com.typesafe.play/play-jdbc_2.11/jars/play-jdbc_2.11-2.5.10.jar:/Users/farrellyja/.ivy2/cache/com.typesafe.play/play-jdbc-api_2.11/jars/play-jdbc-api_2.11-2.5.10.jar:/Users/farrellyja/.ivy2/cache/com.jolbox/bonecp/bundles/bonecp-0.8.0.RELEASE.jar:/Users/farrellyja/.ivy2/cache/com.zaxxer/HikariCP/bundles/HikariCP-2.5.1.jar:/Users/farrellyja/.ivy2/cache/com.googlecode.usc/jdbcdslog/jars/jdbcdslog-1.0.6.2.jar:/Users/farrellyja/.ivy2/cache/com.h2database/h2/jars/h2-1.4.192.jar:/Users/farrellyja/.ivy2/cache/tyrex/tyrex/jars/tyrex-1.0.1.jar:/Users/farrellyja/.ivy2/cache/com.typesafe.play/play-cache_2.11/jars/play-cache_2.11-2.5.10.jar:/Users/farrellyja/.ivy2/cache/net.sf.ehcache/ehcache-core/jars/ehcache-core-2.6.11.jar:/Users/farrellyja/.ivy2/cache/com.typesafe.play/play-ws_2.11/jars/play-ws_2.11-2.5.10.jar:/Users/farrellyja/.ivy2/cache/com.google.guava/guava/bundles/guava-19.0.jar:/Users/farrellyja/.ivy2/cache/org.asynchttpclient/async-http-client/jars/async-http-client-2.0.11.jar:/Users/farrellyja/.ivy2/cache/org.asynchttpclient/netty-resolver-dns/jars/netty-resolver-dns-2.0.11.jar:/Users/farrellyja/.ivy2/cache/org.asynchttpclient/netty-resolver/jars/netty-resolver-2.0.11.jar:/Users/farrellyja/.ivy2/cache/org.asynchttpclient/netty-codec-dns/jars/netty-codec-dns-2.0.11.jar:/Users/farrellyja/.ivy2/cache/org.javassist/javassist/bundles/javassist-3.20.0-GA.jar:/Users/farrellyja/.ivy2/cache/oauth.signpost/signpost-core/jars/signpost-core-1.2.1.2.jar:/Users/farrellyja/.ivy2/cache/oauth.signpost/signpost-commonshttp4/jars/signpost-commonshttp4-1.2.1.2.jar:/Users/farrellyja/.ivy2/cache/org.apache.httpcomponents/httpcore/jars/httpcore-4.0.1.jar:/Users/farrellyja/.ivy2/cache/org.apache.httpcomponents/httpclient/jars/httpclient-4.0.1.jar:/Users/farrellyja/.ivy2/cache/commons-logging/commons-logging/jars/commons-logging-1.1.1.jar
Read from stdout: /Users/farrellyja/Workspace/studio-tag/app/controllers/HomeController.scala:21: too many arguments for method apply: ()play.twirl.api.HtmlFormat.Appendable in class index
/Users/farrellyja/Workspace/studio-tag/app/controllers/HomeController.scala:21: too many arguments for method apply: ()play.twirl.api.HtmlFormat.Appendable in class index
Read from stdout: Ok(views.html.index("Your new application is ready."))
    Ok(views.html.index("Your new application is ready."))
Read from stdout: ^
                       ^
Read from stdout: one error found
one error found
Compilation failed (CompilerInterface)
Read from stdout: (compile:compileIncremental) Compilation failed
(compile:31mcompileIncremental0m) Compilation failed
Total time: 11 s, completed 20-Dec-2016 11:13:52
> server-post-command-error-handler
> server-post-command-cleanup
> server-handle-next-server-request
> {file:/Users/farrellyja/Workspace/studio-tag/}root/compile:mainClass
Evaluating tasks: compile:mainClass
Running task... Cancel: sbt.server.ServerTaskCancellation@18e39f6e, check cycles: false
Total time: 0 s, completed 20-Dec-2016 11:13:53
> server-post-command-cleanup
> server-handle-next-server-request
> {file:/Users/farrellyja/Workspace/studio-tag/}root/compile:discoveredMainClasses
Evaluating tasks: compile:discoveredMainClasses
Running task... Cancel: sbt.server.ServerTaskCancellation@4b4ee0ec, check cycles: false

Initial source changes: 
	removed:Set()
	added: Set()
	modified: Set(/Users/farrellyja/Workspace/studio-tag/target/scala-2.11/twirl/main/views/html/index.template.scala, /Users/farrellyja/Workspace/studio-tag/target/scala-2.11/twirl/main/views/html/main.template.scala)
Removed products: Set()
External API changes: API Changes: Set()
Modified binary dependencies: Set()
Initial directly invalidated sources: Set(/Users/farrellyja/Workspace/studio-tag/target/scala-2.11/twirl/main/views/html/index.template.scala, /Users/farrellyja/Workspace/studio-tag/target/scala-2.11/twirl/main/views/html/main.template.scala)

Sources indirectly invalidated by:
	product: Set()
	binary dep: Set()
	external source: Set()
All initially invalidated sources: Set(/Users/farrellyja/Workspace/studio-tag/target/scala-2.11/twirl/main/views/html/index.template.scala, /Users/farrellyja/Workspace/studio-tag/target/scala-2.11/twirl/main/views/html/main.template.scala)

Read from stdout: Compiling 2 Scala sources to /Users/farrellyja/Workspace/studio-tag/target/scala-2.11/classes...
Compiling 2 Scala sources to /Users/farrellyja/Workspace/studio-tag/target/scala-2.11/classes...
Getting compiler-interface from component compiler for Scala 2.11.7
Other repositories:
Default repositories:
Getting compiler-interface from component compiler for Scala 2.11.7
Other repositories:
Default repositories:
Running cached compiler 2e11eccb, interfacing (CompilerInterface) with Scala compiler version 2.11.7
Calling Scala compiler with arguments  (CompilerInterface):
	-deprecation
	-unchecked
	-encoding
	utf8
	-bootclasspath
	/Library/Java/JavaVirtualMachines/jdk1.8.0_101.jdk/Contents/Home/jre/lib/resources.jar:/Library/Java/JavaVirtualMachines/jdk1.8.0_101.jdk/Contents/Home/jre/lib/rt.jar:/Library/Java/JavaVirtualMachines/jdk1.8.0_101.jdk/Contents/Home/jre/lib/sunrsasign.jar:/Library/Java/JavaVirtualMachines/jdk1.8.0_101.jdk/Contents/Home/jre/lib/jsse.jar:/Library/Java/JavaVirtualMachines/jdk1.8.0_101.jdk/Contents/Home/jre/lib/jce.jar:/Library/Java/JavaVirtualMachines/jdk1.8.0_101.jdk/Contents/Home/jre/lib/charsets.jar:/Library/Java/JavaVirtualMachines/jdk1.8.0_101.jdk/Contents/Home/jre/lib/jfr.jar:/Library/Java/JavaVirtualMachines/jdk1.8.0_101.jdk/Contents/Home/jre/classes:/Users/farrellyja/.ivy2/cache/org.scala-lang/scala-library/jars/scala-library-2.11.7.jar
	-classpath
	/Users/farrellyja/Workspace/studio-tag/target/scala-2.11/classes:/Users/farrellyja/.ivy2/cache/com.typesafe.play/twirl-api_2.11/jars/twirl-api_2.11-1.1.1.jar:/Users/farrellyja/.ivy2/cache/org.apache.commons/commons-lang3/jars/commons-lang3-3.4.jar:/Users/farrellyja/.ivy2/cache/org.scala-lang.modules/scala-xml_2.11/bundles/scala-xml_2.11-1.0.1.jar:/Users/farrellyja/.ivy2/cache/com.typesafe.play/play-server_2.11/jars/play-server_2.11-2.5.10.jar:/Users/farrellyja/.ivy2/cache/com.typesafe.play/play_2.11/jars/play_2.11-2.5.10.jar:/Users/farrellyja/.ivy2/cache/com.typesafe.play/build-link/jars/build-link-2.5.10.jar:/Users/farrellyja/.ivy2/cache/com.typesafe.play/play-exceptions/jars/play-exceptions-2.5.10.jar:/Users/farrellyja/.ivy2/cache/com.typesafe.play/play-iteratees_2.11/jars/play-iteratees_2.11-2.5.10.jar:/Users/farrellyja/.ivy2/cache/org.scala-stm/scala-stm_2.11/jars/scala-stm_2.11-0.7.jar:/Users/farrellyja/.ivy2/cache/com.typesafe/config/bundles/config-1.3.0.jar:/Users/farrellyja/.ivy2/cache/com.typesafe.play/play-json_2.11/jars/play-json_2.11-2.5.10.jar:/Users/farrellyja/.ivy2/cache/com.typesafe.play/play-functional_2.11/jars/play-functional_2.11-2.5.10.jar:/Users/farrellyja/.ivy2/cache/com.typesafe.play/play-datacommons_2.11/jars/play-datacommons_2.11-2.5.10.jar:/Users/farrellyja/.ivy2/cache/joda-time/joda-time/jars/joda-time-2.9.6.jar:/Users/farrellyja/.ivy2/cache/org.joda/joda-convert/jars/joda-convert-1.8.1.jar:/Users/farrellyja/.ivy2/cache/org.scala-lang/scala-reflect/jars/scala-reflect-2.11.7.jar:/Users/farrellyja/.ivy2/cache/com.fasterxml.jackson.core/jackson-core/bundles/jackson-core-2.7.8.jar:/Users/farrellyja/.ivy2/cache/com.fasterxml.jackson.core/jackson-annotations/bundles/jackson-annotations-2.7.8.jar:/Users/farrellyja/.ivy2/cache/com.fasterxml.jackson.core/jackson-databind/bundles/jackson-databind-2.7.8.jar:/Users/farrellyja/.ivy2/cache/com.fasterxml.jackson.datatype/jackson-datatype-jdk8/bundles/jackson-datatype-jdk8-2.7.8.jar:/Users/farrellyja/.ivy2/cache/com.fasterxml.jackson.datatype/jackson-datatype-jsr310/bundles/jackson-datatype-jsr310-2.7.8.jar:/Users/farrellyja/.ivy2/cache/com.typesafe.play/play-netty-utils/jars/play-netty-utils-2.5.10.jar:/Users/farrellyja/.ivy2/cache/org.slf4j/slf4j-api/jars/slf4j-api-1.7.21.jar:/Users/farrellyja/.ivy2/cache/org.slf4j/jul-to-slf4j/jars/jul-to-slf4j-1.7.21.jar:/Users/farrellyja/.ivy2/cache/org.slf4j/jcl-over-slf4j/jars/jcl-over-slf4j-1.7.21.jar:/Users/farrellyja/.ivy2/cache/com.typesafe.play/play-streams_2.11/jars/play-streams_2.11-2.5.10.jar:/Users/farrellyja/.ivy2/cache/org.reactivestreams/reactive-streams/jars/reactive-streams-1.0.0.jar:/Users/farrellyja/.ivy2/cache/com.typesafe.akka/akka-stream_2.11/jars/akka-stream_2.11-2.4.12.jar:/Users/farrellyja/.ivy2/cache/com.typesafe.akka/akka-actor_2.11/jars/akka-actor_2.11-2.4.12.jar:/Users/farrellyja/.ivy2/cache/org.scala-lang.modules/scala-java8-compat_2.11/bundles/scala-java8-compat_2.11-0.7.0.jar:/Users/farrellyja/.ivy2/cache/com.typesafe/ssl-config-core_2.11/bundles/ssl-config-core_2.11-0.2.1.jar:/Users/farrellyja/.ivy2/cache/org.scala-lang.modules/scala-parser-combinators_2.11/bundles/scala-parser-combinators_2.11-1.0.4.jar:/Users/farrellyja/.ivy2/cache/com.typesafe.akka/akka-slf4j_2.11/jars/akka-slf4j_2.11-2.4.12.jar:/Users/farrellyja/.ivy2/cache/commons-codec/commons-codec/jars/commons-codec-1.10.jar:/Users/farrellyja/.ivy2/cache/xerces/xercesImpl/jars/xercesImpl-2.11.0.jar:/Users/farrellyja/.ivy2/cache/xml-apis/xml-apis/jars/xml-apis-1.4.01.jar:/Users/farrellyja/.ivy2/cache/javax.transaction/jta/jars/jta-1.1.jar:/Users/farrellyja/.ivy2/cache/com.google.inject/guice/jars/guice-4.0.jar:/Users/farrellyja/.ivy2/cache/javax.inject/javax.inject/jars/javax.inject-1.jar:/Users/farrellyja/.ivy2/cache/aopalliance/aopalliance/jars/aopalliance-1.0.jar:/Users/farrellyja/.ivy2/cache/com.google.inject.extensions/guice-assistedinject/jars/guice-assistedinject-4.0.jar:/Users/farrellyja/.ivy2/cache/com.typesafe.play/play-netty-server_2.11/jars/play-netty-server_2.11-2.5.10.jar:/Users/farrellyja/.ivy2/cache/com.typesafe.netty/netty-reactive-streams-http/jars/netty-reactive-streams-http-1.0.8.jar:/Users/farrellyja/.ivy2/cache/com.typesafe.netty/netty-reactive-streams/jars/netty-reactive-streams-1.0.8.jar:/Users/farrellyja/.ivy2/cache/io.netty/netty-handler/jars/netty-handler-4.0.41.Final.jar:/Users/farrellyja/.ivy2/cache/io.netty/netty-buffer/jars/netty-buffer-4.0.41.Final.jar:/Users/farrellyja/.ivy2/cache/io.netty/netty-common/jars/netty-common-4.0.41.Final.jar:/Users/farrellyja/.ivy2/cache/io.netty/netty-transport/jars/netty-transport-4.0.41.Final.jar:/Users/farrellyja/.ivy2/cache/io.netty/netty-codec/jars/netty-codec-4.0.41.Final.jar:/Users/farrellyja/.ivy2/cache/io.netty/netty-codec-http/jars/netty-codec-http-4.0.41.Final.jar:/Users/farrellyja/.ivy2/cache/io.netty/netty-transport-native-epoll/jars/netty-transport-native-epoll-4.0.41.Final-linux-x86_64.jar:/Users/farrellyja/.ivy2/cache/com.typesafe.play/play-logback_2.11/jars/play-logback_2.11-2.5.10.jar:/Users/farrellyja/.ivy2/cache/ch.qos.logback/logback-classic/jars/logback-classic-1.1.7.jar:/Users/farrellyja/.ivy2/cache/ch.qos.logback/logback-core/jars/logback-core-1.1.7.jar:/Users/farrellyja/.ivy2/cache/com.typesafe.play/play-jdbc_2.11/jars/play-jdbc_2.11-2.5.10.jar:/Users/farrellyja/.ivy2/cache/com.typesafe.play/play-jdbc-api_2.11/jars/play-jdbc-api_2.11-2.5.10.jar:/Users/farrellyja/.ivy2/cache/com.jolbox/bonecp/bundles/bonecp-0.8.0.RELEASE.jar:/Users/farrellyja/.ivy2/cache/com.zaxxer/HikariCP/bundles/HikariCP-2.5.1.jar:/Users/farrellyja/.ivy2/cache/com.googlecode.usc/jdbcdslog/jars/jdbcdslog-1.0.6.2.jar:/Users/farrellyja/.ivy2/cache/com.h2database/h2/jars/h2-1.4.192.jar:/Users/farrellyja/.ivy2/cache/tyrex/tyrex/jars/tyrex-1.0.1.jar:/Users/farrellyja/.ivy2/cache/com.typesafe.play/play-cache_2.11/jars/play-cache_2.11-2.5.10.jar:/Users/farrellyja/.ivy2/cache/net.sf.ehcache/ehcache-core/jars/ehcache-core-2.6.11.jar:/Users/farrellyja/.ivy2/cache/com.typesafe.play/play-ws_2.11/jars/play-ws_2.11-2.5.10.jar:/Users/farrellyja/.ivy2/cache/com.google.guava/guava/bundles/guava-19.0.jar:/Users/farrellyja/.ivy2/cache/org.asynchttpclient/async-http-client/jars/async-http-client-2.0.11.jar:/Users/farrellyja/.ivy2/cache/org.asynchttpclient/netty-resolver-dns/jars/netty-resolver-dns-2.0.11.jar:/Users/farrellyja/.ivy2/cache/org.asynchttpclient/netty-resolver/jars/netty-resolver-2.0.11.jar:/Users/farrellyja/.ivy2/cache/org.asynchttpclient/netty-codec-dns/jars/netty-codec-dns-2.0.11.jar:/Users/farrellyja/.ivy2/cache/org.javassist/javassist/bundles/javassist-3.20.0-GA.jar:/Users/farrellyja/.ivy2/cache/oauth.signpost/signpost-core/jars/signpost-core-1.2.1.2.jar:/Users/farrellyja/.ivy2/cache/oauth.signpost/signpost-commonshttp4/jars/signpost-commonshttp4-1.2.1.2.jar:/Users/farrellyja/.ivy2/cache/org.apache.httpcomponents/httpcore/jars/httpcore-4.0.1.jar:/Users/farrellyja/.ivy2/cache/org.apache.httpcomponents/httpclient/jars/httpclient-4.0.1.jar:/Users/farrellyja/.ivy2/cache/commons-logging/commons-logging/jars/commons-logging-1.1.1.jar
Scala compilation took 0.848079212 s
Invalidating /Users/farrellyja/Workspace/studio-tag/target/scala-2.11/twirl/main/views/html/index.template.scala...
Invalidating (transitively) by inheritance from /Users/farrellyja/Workspace/studio-tag/target/scala-2.11/twirl/main/views/html/index.template.scala...
Initial set of included nodes: Set(/Users/farrellyja/Workspace/studio-tag/target/scala-2.11/twirl/main/views/html/index.template.scala)
Invalidated by transitive inheritance dependency: Set(/Users/farrellyja/Workspace/studio-tag/target/scala-2.11/twirl/main/views/html/index.template.scala)
The /Users/farrellyja/Workspace/studio-tag/target/scala-2.11/twirl/main/views/html/index.template.scala source file has the following regular definitions changed:
	f, render, apply, index.
All member reference dependencies will be considered within this context.
The following modified names cause invalidation of /Users/farrellyja/Workspace/studio-tag/app/controllers/HomeController.scala: Set(apply, index)
New invalidations:
	Set(/Users/farrellyja/Workspace/studio-tag/app/controllers/HomeController.scala)
Initial set of included nodes: Set(/Users/farrellyja/Workspace/studio-tag/app/controllers/HomeController.scala)
Including /Users/farrellyja/Workspace/studio-tag/target/scala-2.11/routes/main/router/Routes.scala by /Users/farrellyja/Workspace/studio-tag/app/controllers/HomeController.scala
Previously invalidated, but (transitively) depend on new invalidations:
	Set()
All newly invalidated sources after taking into account (previously) recompiled sources:Set(/Users/farrellyja/Workspace/studio-tag/app/controllers/HomeController.scala)
Read from stdout: Compiling 1 Scala source to /Users/farrellyja/Workspace/studio-tag/target/scala-2.11/classes...
Compiling 1 Scala source to /Users/farrellyja/Workspace/studio-tag/target/scala-2.11/classes...
Getting compiler-interface from component compiler for Scala 2.11.7
Other repositories:
Default repositories:
Getting compiler-interface from component compiler for Scala 2.11.7
Other repositories:
Default repositories:
Running cached compiler 665b58f7, interfacing (CompilerInterface) with Scala compiler version 2.11.7
Calling Scala compiler with arguments  (CompilerInterface):
	-deprecation
	-unchecked
	-encoding
	utf8
	-bootclasspath
	/Library/Java/JavaVirtualMachines/jdk1.8.0_101.jdk/Contents/Home/jre/lib/resources.jar:/Library/Java/JavaVirtualMachines/jdk1.8.0_101.jdk/Contents/Home/jre/lib/rt.jar:/Library/Java/JavaVirtualMachines/jdk1.8.0_101.jdk/Contents/Home/jre/lib/sunrsasign.jar:/Library/Java/JavaVirtualMachines/jdk1.8.0_101.jdk/Contents/Home/jre/lib/jsse.jar:/Library/Java/JavaVirtualMachines/jdk1.8.0_101.jdk/Contents/Home/jre/lib/jce.jar:/Library/Java/JavaVirtualMachines/jdk1.8.0_101.jdk/Contents/Home/jre/lib/charsets.jar:/Library/Java/JavaVirtualMachines/jdk1.8.0_101.jdk/Contents/Home/jre/lib/jfr.jar:/Library/Java/JavaVirtualMachines/jdk1.8.0_101.jdk/Contents/Home/jre/classes:/Users/farrellyja/.ivy2/cache/org.scala-lang/scala-library/jars/scala-library-2.11.7.jar
	-classpath
	/Users/farrellyja/Workspace/studio-tag/target/scala-2.11/classes:/Users/farrellyja/.ivy2/cache/com.typesafe.play/twirl-api_2.11/jars/twirl-api_2.11-1.1.1.jar:/Users/farrellyja/.ivy2/cache/org.apache.commons/commons-lang3/jars/commons-lang3-3.4.jar:/Users/farrellyja/.ivy2/cache/org.scala-lang.modules/scala-xml_2.11/bundles/scala-xml_2.11-1.0.1.jar:/Users/farrellyja/.ivy2/cache/com.typesafe.play/play-server_2.11/jars/play-server_2.11-2.5.10.jar:/Users/farrellyja/.ivy2/cache/com.typesafe.play/play_2.11/jars/play_2.11-2.5.10.jar:/Users/farrellyja/.ivy2/cache/com.typesafe.play/build-link/jars/build-link-2.5.10.jar:/Users/farrellyja/.ivy2/cache/com.typesafe.play/play-exceptions/jars/play-exceptions-2.5.10.jar:/Users/farrellyja/.ivy2/cache/com.typesafe.play/play-iteratees_2.11/jars/play-iteratees_2.11-2.5.10.jar:/Users/farrellyja/.ivy2/cache/org.scala-stm/scala-stm_2.11/jars/scala-stm_2.11-0.7.jar:/Users/farrellyja/.ivy2/cache/com.typesafe/config/bundles/config-1.3.0.jar:/Users/farrellyja/.ivy2/cache/com.typesafe.play/play-json_2.11/jars/play-json_2.11-2.5.10.jar:/Users/farrellyja/.ivy2/cache/com.typesafe.play/play-functional_2.11/jars/play-functional_2.11-2.5.10.jar:/Users/farrellyja/.ivy2/cache/com.typesafe.play/play-datacommons_2.11/jars/play-datacommons_2.11-2.5.10.jar:/Users/farrellyja/.ivy2/cache/joda-time/joda-time/jars/joda-time-2.9.6.jar:/Users/farrellyja/.ivy2/cache/org.joda/joda-convert/jars/joda-convert-1.8.1.jar:/Users/farrellyja/.ivy2/cache/org.scala-lang/scala-reflect/jars/scala-reflect-2.11.7.jar:/Users/farrellyja/.ivy2/cache/com.fasterxml.jackson.core/jackson-core/bundles/jackson-core-2.7.8.jar:/Users/farrellyja/.ivy2/cache/com.fasterxml.jackson.core/jackson-annotations/bundles/jackson-annotations-2.7.8.jar:/Users/farrellyja/.ivy2/cache/com.fasterxml.jackson.core/jackson-databind/bundles/jackson-databind-2.7.8.jar:/Users/farrellyja/.ivy2/cache/com.fasterxml.jackson.datatype/jackson-datatype-jdk8/bundles/jackson-datatype-jdk8-2.7.8.jar:/Users/farrellyja/.ivy2/cache/com.fasterxml.jackson.datatype/jackson-datatype-jsr310/bundles/jackson-datatype-jsr310-2.7.8.jar:/Users/farrellyja/.ivy2/cache/com.typesafe.play/play-netty-utils/jars/play-netty-utils-2.5.10.jar:/Users/farrellyja/.ivy2/cache/org.slf4j/slf4j-api/jars/slf4j-api-1.7.21.jar:/Users/farrellyja/.ivy2/cache/org.slf4j/jul-to-slf4j/jars/jul-to-slf4j-1.7.21.jar:/Users/farrellyja/.ivy2/cache/org.slf4j/jcl-over-slf4j/jars/jcl-over-slf4j-1.7.21.jar:/Users/farrellyja/.ivy2/cache/com.typesafe.play/play-streams_2.11/jars/play-streams_2.11-2.5.10.jar:/Users/farrellyja/.ivy2/cache/org.reactivestreams/reactive-streams/jars/reactive-streams-1.0.0.jar:/Users/farrellyja/.ivy2/cache/com.typesafe.akka/akka-stream_2.11/jars/akka-stream_2.11-2.4.12.jar:/Users/farrellyja/.ivy2/cache/com.typesafe.akka/akka-actor_2.11/jars/akka-actor_2.11-2.4.12.jar:/Users/farrellyja/.ivy2/cache/org.scala-lang.modules/scala-java8-compat_2.11/bundles/scala-java8-compat_2.11-0.7.0.jar:/Users/farrellyja/.ivy2/cache/com.typesafe/ssl-config-core_2.11/bundles/ssl-config-core_2.11-0.2.1.jar:/Users/farrellyja/.ivy2/cache/org.scala-lang.modules/scala-parser-combinators_2.11/bundles/scala-parser-combinators_2.11-1.0.4.jar:/Users/farrellyja/.ivy2/cache/com.typesafe.akka/akka-slf4j_2.11/jars/akka-slf4j_2.11-2.4.12.jar:/Users/farrellyja/.ivy2/cache/commons-codec/commons-codec/jars/commons-codec-1.10.jar:/Users/farrellyja/.ivy2/cache/xerces/xercesImpl/jars/xercesImpl-2.11.0.jar:/Users/farrellyja/.ivy2/cache/xml-apis/xml-apis/jars/xml-apis-1.4.01.jar:/Users/farrellyja/.ivy2/cache/javax.transaction/jta/jars/jta-1.1.jar:/Users/farrellyja/.ivy2/cache/com.google.inject/guice/jars/guice-4.0.jar:/Users/farrellyja/.ivy2/cache/javax.inject/javax.inject/jars/javax.inject-1.jar:/Users/farrellyja/.ivy2/cache/aopalliance/aopalliance/jars/aopalliance-1.0.jar:/Users/farrellyja/.ivy2/cache/com.google.inject.extensions/guice-assistedinject/jars/guice-assistedinject-4.0.jar:/Users/farrellyja/.ivy2/cache/com.typesafe.play/play-netty-server_2.11/jars/play-netty-server_2.11-2.5.10.jar:/Users/farrellyja/.ivy2/cache/com.typesafe.netty/netty-reactive-streams-http/jars/netty-reactive-streams-http-1.0.8.jar:/Users/farrellyja/.ivy2/cache/com.typesafe.netty/netty-reactive-streams/jars/netty-reactive-streams-1.0.8.jar:/Users/farrellyja/.ivy2/cache/io.netty/netty-handler/jars/netty-handler-4.0.41.Final.jar:/Users/farrellyja/.ivy2/cache/io.netty/netty-buffer/jars/netty-buffer-4.0.41.Final.jar:/Users/farrellyja/.ivy2/cache/io.netty/netty-common/jars/netty-common-4.0.41.Final.jar:/Users/farrellyja/.ivy2/cache/io.netty/netty-transport/jars/netty-transport-4.0.41.Final.jar:/Users/farrellyja/.ivy2/cache/io.netty/netty-codec/jars/netty-codec-4.0.41.Final.jar:/Users/farrellyja/.ivy2/cache/io.netty/netty-codec-http/jars/netty-codec-http-4.0.41.Final.jar:/Users/farrellyja/.ivy2/cache/io.netty/netty-transport-native-epoll/jars/netty-transport-native-epoll-4.0.41.Final-linux-x86_64.jar:/Users/farrellyja/.ivy2/cache/com.typesafe.play/play-logback_2.11/jars/play-logback_2.11-2.5.10.jar:/Users/farrellyja/.ivy2/cache/ch.qos.logback/logback-classic/jars/logback-classic-1.1.7.jar:/Users/farrellyja/.ivy2/cache/ch.qos.logback/logback-core/jars/logback-core-1.1.7.jar:/Users/farrellyja/.ivy2/cache/com.typesafe.play/play-jdbc_2.11/jars/play-jdbc_2.11-2.5.10.jar:/Users/farrellyja/.ivy2/cache/com.typesafe.play/play-jdbc-api_2.11/jars/play-jdbc-api_2.11-2.5.10.jar:/Users/farrellyja/.ivy2/cache/com.jolbox/bonecp/bundles/bonecp-0.8.0.RELEASE.jar:/Users/farrellyja/.ivy2/cache/com.zaxxer/HikariCP/bundles/HikariCP-2.5.1.jar:/Users/farrellyja/.ivy2/cache/com.googlecode.usc/jdbcdslog/jars/jdbcdslog-1.0.6.2.jar:/Users/farrellyja/.ivy2/cache/com.h2database/h2/jars/h2-1.4.192.jar:/Users/farrellyja/.ivy2/cache/tyrex/tyrex/jars/tyrex-1.0.1.jar:/Users/farrellyja/.ivy2/cache/com.typesafe.play/play-cache_2.11/jars/play-cache_2.11-2.5.10.jar:/Users/farrellyja/.ivy2/cache/net.sf.ehcache/ehcache-core/jars/ehcache-core-2.6.11.jar:/Users/farrellyja/.ivy2/cache/com.typesafe.play/play-ws_2.11/jars/play-ws_2.11-2.5.10.jar:/Users/farrellyja/.ivy2/cache/com.google.guava/guava/bundles/guava-19.0.jar:/Users/farrellyja/.ivy2/cache/org.asynchttpclient/async-http-client/jars/async-http-client-2.0.11.jar:/Users/farrellyja/.ivy2/cache/org.asynchttpclient/netty-resolver-dns/jars/netty-resolver-dns-2.0.11.jar:/Users/farrellyja/.ivy2/cache/org.asynchttpclient/netty-resolver/jars/netty-resolver-2.0.11.jar:/Users/farrellyja/.ivy2/cache/org.asynchttpclient/netty-codec-dns/jars/netty-codec-dns-2.0.11.jar:/Users/farrellyja/.ivy2/cache/org.javassist/javassist/bundles/javassist-3.20.0-GA.jar:/Users/farrellyja/.ivy2/cache/oauth.signpost/signpost-core/jars/signpost-core-1.2.1.2.jar:/Users/farrellyja/.ivy2/cache/oauth.signpost/signpost-commonshttp4/jars/signpost-commonshttp4-1.2.1.2.jar:/Users/farrellyja/.ivy2/cache/org.apache.httpcomponents/httpcore/jars/httpcore-4.0.1.jar:/Users/farrellyja/.ivy2/cache/org.apache.httpcomponents/httpclient/jars/httpclient-4.0.1.jar:/Users/farrellyja/.ivy2/cache/commons-logging/commons-logging/jars/commons-logging-1.1.1.jar
Read from stdout: /Users/farrellyja/Workspace/studio-tag/app/controllers/HomeController.scala:21: too many arguments for method apply: ()play.twirl.api.HtmlFormat.Appendable in class index
/Users/farrellyja/Workspace/studio-tag/app/controllers/HomeController.scala:21: too many arguments for method apply: ()play.twirl.api.HtmlFormat.Appendable in class index
Read from stdout: Ok(views.html.index("Your new application is ready."))
    Ok(views.html.index("Your new application is ready."))
Read from stdout: ^
                       ^
Read from stdout: one error found
one error found
Compilation failed (CompilerInterface)
Read from stdout: (compile:compileIncremental) Compilation failed
(compile:31mcompileIncremental0m) Compilation failed
Total time: 2 s, completed 20-Dec-2016 11:13:54
> server-post-command-error-handler
> server-post-command-cleanup
> server-handle-next-server-request
Done executing sbt server engine, result Right(Exit(0))
Closing listening server socket
Waiting for socket thread
Waiting for request processor thread
Waiting for command engine result
Returning control to sbt launcher with result Exit(0)
Closing the 6813@tjmac192 logs at Tue Dec 20 11:13:54 GMT 2016, goodbye.
